"../../../../UnrealProjects/SpaceshipGameBP/SpaceshipGameBP/Content/Art/Asteroid/Mat_Asteroid.uasset" 0
"../../../../UnrealProjects/SpaceshipGameBP/SpaceshipGameBP/Content/Art/Spaceship/sh3_s.uasset" 1
"../../../../UnrealProjects/SpaceshipGameBP/SpaceshipGameBP/Content/Art/Spaceship/SpaceshipTexture.uasset" 2
"../../../../UnrealProjects/SpaceshipGameBP/SpaceshipGameBP/Content/Art/Spaceship/Mat_Spaceship.uasset" 3
"../../../../UnrealProjects/SpaceshipGameBP/SpaceshipGameBP/Content/Art/Spaceship/M_Spaceship.uasset" 4
"../../../Engine/Content/Functions/Engine_MaterialFunctions01/Opacity/CameraDepthFade.uasset" 5
"../../../Engine/Content/EngineMaterials/T_Default_Material_Grid_M.uasset" 6
"../../../Engine/Content/EngineMaterials/T_Default_Material_Grid_N.uasset" 7
"../../../Engine/Content/EngineMaterials/WorldGridMaterial.uasset" 8
"../../../Engine/Content/ArtTools/RenderToTexture/Meshes/S_1_Unit_Plane.uasset" 9
"../../../Engine/Content/EngineMaterials/DefaultMaterial.uasset" 10
"../../../Engine/Content/BasicShapes/Cone.uasset" 11
"../../../Engine/Content/BasicShapes/Cube.uasset" 12
"../../../Engine/Content/BasicShapes/Cylinder.uasset" 13
"../../../Engine/Content/BasicShapes/Plane.uasset" 14
"../../../Engine/Content/BasicShapes/Sphere.uasset" 15
"../../../Engine/Content/EditorLandscapeResources/DataLayer.uasset" 16
"../../../Engine/Content/EditorMaterials/GizmoMaterial.uasset" 17
"../../../Engine/Content/EditorMaterials/MAT_Groups_Toggle.uasset" 18
"../../../Engine/Content/EditorMaterials/MAT_Groups_Visibility.uasset" 19
"../../../Engine/Content/EditorMaterials/PreviewShadowIndicator.uasset" 20
"../../../Engine/Content/EditorMaterials/PreviewShadowIndicatorMaterial.uasset" 21
"../../../Engine/Content/EditorMaterials/MatineeGroups/MAT_ColorTrack.uasset" 22
"../../../Engine/Content/EditorMaterials/MatineeGroups/MAT_Groups_Anim.uasset" 23
"../../../Engine/Content/EditorMaterials/MatineeGroups/MAT_Groups_AudioMaster.uasset" 24
"../../../Engine/Content/EditorMaterials/MatineeGroups/MAT_Groups_Director.uasset" 25
"../../../Engine/Content/EditorMaterials/MatineeGroups/MAT_Groups_Event.uasset" 26
"../../../Engine/Content/EditorMaterials/MatineeGroups/MAT_Groups_Fade.uasset" 27
"../../../Engine/Content/EditorMaterials/MatineeGroups/MAT_Groups_Float.uasset" 28
"../../../Engine/Content/EditorMaterials/MatineeGroups/MAT_Groups_Move.uasset" 29
"../../../Engine/Content/EditorMaterials/MatineeGroups/MAT_Groups_Slomo.uasset" 30
"../../../Engine/Content/EditorMaterials/MatineeGroups/MAT_Groups_Sound.uasset" 31
"../../../Engine/Content/EditorMaterials/MatineeGroups/MAT_Groups_Vector.uasset" 32
"../../../Engine/Content/EditorMaterials/ParticleSystems/PSysThumbnail_NoImage.uasset" 33
"../../../Engine/Content/EditorMaterials/ParticleSystems/PSysThumbnail_OOD.uasset" 34
"../../../Engine/Content/EditorMaterials/Camera/CineMat.uasset" 35
"../../../Engine/Content/EditorMaterials/Camera/MI_CineMat_Rig.uasset" 36
"../../../Engine/Content/EditorMeshes/Camera/SM_CraneRig_Arm.uasset" 37
"../../../Engine/Content/EditorMeshes/Camera/SM_CraneRig_Base.uasset" 38
"../../../Engine/Content/EditorMeshes/Camera/SM_CraneRig_Body.uasset" 39
"../../../Engine/Content/EditorMeshes/Camera/SM_CraneRig_Mount.uasset" 40
"../../../Engine/Content/EditorMeshes/Camera/SM_RailRig_Mount.uasset" 41
"../../../Engine/Content/EditorMeshes/Camera/SM_RailRig_Track.uasset" 42
"../../../Engine/Content/EditorResources/BSPVertex.uasset" 43
"../../../Engine/Content/EditorResources/EmptyActor.uasset" 44
"../../../Engine/Content/EditorResources/S_Actor.uasset" 45
"../../../Engine/Content/EditorResources/S_Trigger.uasset" 46
"../../../Engine/Content/EditorResources/SequenceRecorder/Countdown.uasset" 47
"../../../Engine/Content/EditorResources/SequenceRecorder/RecordingIndicator.uasset" 48
"../../../Engine/Content/EditorSounds/Notifications/CompileFailed.uasset" 49
"../../../Engine/Content/EditorSounds/Notifications/CompileFailed_Cue.uasset" 50
"../../../Engine/Content/EditorSounds/Notifications/CompileSuccess.uasset" 51
"../../../Engine/Content/EditorSounds/Notifications/CompileStart_Cue.uasset" 52
"../../../Engine/Content/EditorSounds/Notifications/CompileSuccess_Cue.uasset" 53
"../../../Engine/Content/EngineDamageTypes/DmgTypeBP_Environmental.uasset" 54
"../../../Engine/Content/EngineDebugMaterials/HeatmapGradient.uasset" 55
"../../../Engine/Content/EngineDebugMaterials/BoneWeightMaterial.uasset" 56
"../../../Engine/Content/EngineDebugMaterials/ClothMaterial.uasset" 57
"../../../Engine/Content/EngineDebugMaterials/ClothMaterial_WF.uasset" 58
"../../../Engine/Content/EngineDebugMaterials/DebugEditorMaterial.uasset" 59
"../../../Engine/Content/EngineDebugMaterials/DebugMeshMaterial.uasset" 60
"../../../Engine/Content/EngineDebugMaterials/GeomMaterial.uasset" 61
"../../../Engine/Content/EngineDebugMaterials/M_SimpleTranslucent.uasset" 62
"../../../Engine/Content/EngineFonts/Faces/RobotoBold.uasset" 63
"../../../Engine/Content/EngineFonts/Faces/RobotoBoldItalic.uasset" 64
"../../../Engine/Content/EngineFonts/Faces/RobotoItalic.uasset" 65
"../../../Engine/Content/EngineFonts/Faces/RobotoLight.uasset" 66
"../../../Engine/Content/EngineFonts/Faces/RobotoRegular.uasset" 67
"../../../Engine/Content/EngineFonts/Roboto.uasset" 68
"../../../Engine/Content/EngineFonts/Faces/RobotoTiny.uasset" 69
"../../../Engine/Content/EngineFonts/RobotoTiny.uasset" 70
"../../../Engine/Content/EngineMaterials/BaseFlattenDiffuseMap.uasset" 71
"../../../Engine/Content/EngineMaterials/BaseFlattenEmissiveMap.uasset" 72
"../../../Engine/Content/EngineMaterials/BaseFlattenGrayscaleMap.uasset" 73
"../../../Engine/Content/EngineMaterials/BaseFlattenNormalMap.uasset" 74
"../../../Engine/Content/EngineMaterials/BaseFlattenMaterial.uasset" 75
"../../../Engine/Content/EngineMaterials/DefaultBloomKernel.uasset" 76
"../../../Engine/Content/EngineMaterials/DefaultBokeh.uasset" 77
"../../../Engine/Content/EngineMaterials/DefaultDiffuse.uasset" 78
"../../../Engine/Content/EngineMaterials/DefaultDeferredDecalMaterial.uasset" 79
"../../../Engine/Content/EngineMaterials/DefaultLightFunctionMaterial.uasset" 80
"../../../Engine/Content/EngineMaterials/DefaultPhysicalMaterial.uasset" 81
"../../../Engine/Content/Functions/Engine_MaterialFunctions02/Utility/BreakOutFloat2Components.uasset" 82
"../../../Engine/Content/EngineMaterials/DefaultPostProcessMaterial.uasset" 83
"../../../Engine/Content/EngineFonts/RobotoDistanceField.uasset" 84
"../../../Engine/Content/EngineMaterials/DefaultTextMaterialOpaque.uasset" 85
"../../../Engine/Content/EngineMaterials/DefaultWhiteGrid.uasset" 86
"../../../Engine/Content/EngineMaterials/EditorBrushMaterial.uasset" 87
"../../../Engine/Content/EngineMaterials/Good64x64TilingNoiseHighFreq.uasset" 88
"../../../Engine/Content/EngineMaterials/MiniFont.uasset" 89
"../../../Engine/Content/EngineMaterials/InvalidLightmapSettings.uasset" 90
"../../../Engine/Content/EngineMaterials/M_InvalidLightmapSettings.uasset" 91
"../../../Engine/Content/Functions/Engine_MaterialFunctions02/WorldPositionOffset/CameraOffset.uasset" 92
"../../../Engine/Content/EngineMaterials/PhAT_JointLimitMaterial.uasset" 93
"../../../Engine/Content/EngineMaterials/PreintegratedSkinBRDF.uasset" 94
"../../../Engine/Content/EngineMaterials/RemoveSurfaceMaterial.uasset" 95
"../../../Engine/Content/EngineMaterials/WeightMapPlaceholderTexture.uasset" 96
"../../../Engine/Content/EngineResources/WhiteSquareTexture.uasset" 97
"../../../Engine/Content/EngineMaterials/Widget3DPassThrough.uasset" 98
"../../../Engine/Content/EngineMaterials/Widget3DPassThrough_Masked.uasset" 99
"../../../Engine/Content/EngineMaterials/Widget3DPassThrough_Opaque.uasset" 100
"../../../Engine/Content/EngineMaterials/Widget3DPassThrough_Masked_OneSided.uasset" 101
"../../../Engine/Content/EngineMaterials/Widget3DPassThrough_Opaque_OneSided.uasset" 102
"../../../Engine/Content/EngineMaterials/Widget3DPassThrough_Translucent.uasset" 103
"../../../Engine/Content/EngineMaterials/Widget3DPassThrough_Translucent_OneSided.uasset" 104
"../../../Engine/Content/EngineMeshes/Cylinder.uasset" 105
"../../../Engine/Content/EngineMeshes/Sphere.uasset" 106
"../../../Engine/Content/EngineResources/Black.uasset" 107
"../../../Engine/Content/EngineResources/DefaultTexture.uasset" 108
"../../../Engine/Content/EngineResources/DefaultTextureCube.uasset" 109
"../../../Engine/Content/EngineResources/DefaultVolumeTexture2D.uasset" 110
"../../../Engine/Content/EngineResources/DefaultVolumeTexture.uasset" 111
"../../../Engine/Content/EngineResources/GradientTexture0.uasset" 112
"../../../Engine/Content/EngineSounds/Master.uasset" 113
"../../../Engine/Content/Functions/Engine_MaterialFunctions01/Shading/ConvertFromDiffSpec.uasset" 114
"../../../Engine/Content/Functions/Engine_MaterialFunctions01/Shading/PowerToRoughness.uasset" 115
"../../../Engine/Content/Maps/Templates/Thumbnails/Default.uasset" 116
"../../../Engine/Content/Maps/Templates/Thumbnails/VR-Basic.uasset" 117
"../../../Engine/Content/MobileResources/T_MobileControls_texture.uasset" 118
"../../../Engine/Content/MobileResources/T_MobileMenu2.uasset" 119
"../../../Engine/Content/MobileResources/HUD/AnalogHat.uasset" 120
"../../../Engine/Content/MobileResources/HUD/VirtualJoystick_Background.uasset" 121
"../../../Engine/Content/MobileResources/HUD/VirtualJoystick_Thumb.uasset" 122
"../../../Engine/Content/MobileResources/HUD/DefaultVirtualJoysticks.uasset" 123
"../../../Engine/Content/MobileResources/HUD/LeftVirtualJoystickOnly.uasset" 124
"../../../Engine/Content/MobileResources/HUD/MobileHUDButton1_off.uasset" 125
"../../../Engine/Content/MobileResources/HUD/MobileHUDButton1_on.uasset" 126
"../../../Engine/Content/MobileResources/HUD/MobileHUDButton2_off.uasset" 127
"../../../Engine/Content/MobileResources/HUD/MobileHUDButton2_on.uasset" 128
"../../../Engine/Content/MobileResources/HUD/MobileHUDButton3.uasset" 129
"../../../Engine/Content/MobileResources/HUD/MobileHUDButtonFire.uasset" 130
"../../../Engine/Content/MobileResources/HUD/MobileHUDDirectionPad.uasset" 131
"../../../Engine/Content/MobileResources/HUD/MobileHUDDirectionPad2.uasset" 132
"../../../Engine/Content/MobileResources/HUD/MobileHUDDirectionPad3.uasset" 133
"../../../Engine/Content/MobileResources/HUD/MobileHUDDirectionStick.uasset" 134
"../../../Engine/Content/MobileResources/HUD/T_Castle_ThumbstickInner.uasset" 135
"../../../Engine/Content/MobileResources/HUD/T_Castle_ThumbstickOutter.uasset" 136
"../../../Engine/Content/Tutorial/ContentIntroCurve.uasset" 137
"../../../Engine/Content/VREditor/LaserPointer/VR_LaserPower_01.uasset" 138
"../../../Engine/Content/VREditor/TransformGizmo/TransformGizmoMaterial.uasset" 139
"../../../Engine/Content/VREditor/TransformGizmo/TranslucentTransformGizmoMaterial.uasset" 140
"../../../Engine/Content/VREditor/TransformGizmo/BoundingBoxCorner.uasset" 141
"../../../Engine/Content/VREditor/TransformGizmo/BoundingBoxEdge.uasset" 142
"../../../Engine/Content/VREditor/TransformGizmo/PlaneTranslationHandle.uasset" 143
"../../../Engine/Content/VREditor/TransformGizmo/Main.uasset" 144
"../../../Engine/Content/VREditor/TransformGizmo/Xray.uasset" 145
"../../../Engine/Content/VREditor/TransformGizmo/SM_Sequencer_Key.uasset" 146
"../../../Engine/Content/VREditor/TransformGizmo/SM_Sequencer_Node.uasset" 147
"../../Plugins/2D/Paper2D/Content/PlaceholderTextures/DummySpriteTexture.uasset" 148
"../../Plugins/2D/Paper2D/Content/DummySprite.uasset" 149
"../../Plugins/2D/Paper2D/Content/DefaultPaperTerrainMaterial.uasset" 150
"../../Plugins/2D/Paper2D/Content/DefaultSpriteMaterial.uasset" 151
"../../Plugins/2D/Paper2D/Content/MaskedUnlitSpriteMaterial.uasset" 152
"../../Plugins/2D/Paper2D/Content/OpaqueUnlitSpriteMaterial.uasset" 153
"../../Plugins/Runtime/Oculus/OculusVR/Content/Materials/PokeAHoleMaterial.uasset" 154
"../../Plugins/Runtime/Oculus/OculusVR/Content/Textures/GearVRController_AO.uasset" 155
"../../Plugins/Runtime/Oculus/OculusVR/Content/Textures/GearVRController_Color.uasset" 156
"../../Plugins/Runtime/Oculus/OculusVR/Content/Textures/GearVRController_Normal.uasset" 157
"../../Plugins/Runtime/Oculus/OculusVR/Content/Materials/GearVRControllerMaterial.uasset" 158
"../../Plugins/Runtime/Oculus/OculusVR/Content/Meshes/GearVrController.uasset" 159
"../../Plugins/Runtime/Oculus/OculusVR/Content/Textures/touchController_albedo.uasset" 160
"../../Plugins/Runtime/Oculus/OculusVR/Content/Textures/touchController_controlmap.uasset" 161
"../../Plugins/Runtime/Oculus/OculusVR/Content/Materials/touchController_mat.uasset" 162
"../../Plugins/Runtime/Oculus/OculusVR/Content/Meshes/LeftTouchController.uasset" 163
"../../Plugins/Runtime/Oculus/OculusVR/Content/Meshes/RiftHMD.uasset" 164
"../../Plugins/Runtime/Oculus/OculusVR/Content/Meshes/RightTouchController.uasset" 165
"../../../../UnrealProjects/SpaceshipGameBP/SpaceshipGameBP/Content/Art/Spaceship/Spaceship.uasset" 166
"../../../../UnrealProjects/SpaceshipGameBP/SpaceshipGameBP/Content/Blueprints/BP_Spaceship.uasset" 167
"../../../../UnrealProjects/SpaceshipGameBP/SpaceshipGameBP/Content/Art/GameOver.uasset" 168
"../../../../UnrealProjects/SpaceshipGameBP/SpaceshipGameBP/Content/Blueprints/BP_UI.uasset" 169
"../../../../UnrealProjects/SpaceshipGameBP/SpaceshipGameBP/Content/Blueprints/BP_GameMode.uasset" 170
"../../../../UnrealProjects/SpaceshipGameBP/SpaceshipGameBP/Content/Art/Skybox/PurpleSpaceTexture.uasset" 171
"../../../../UnrealProjects/SpaceshipGameBP/SpaceshipGameBP/Content/Art/Skybox/Mat_OuterSpace.uasset" 172
"../../../Engine/Content/EngineSky/T_Sky_Blue.uasset" 173
"../../../Engine/Content/EngineSky/T_Sky_Clouds_M.uasset" 174
"../../../Engine/Content/EngineSky/T_Sky_Stars.uasset" 175
"../../../Engine/Content/EngineSky/M_Sky_Panning_Clouds2.uasset" 176
"../../../Engine/Content/EngineSky/SM_SkySphere.uasset" 177
"../../../../UnrealProjects/SpaceshipGameBP/SpaceshipGameBP/Content/Blueprints/BP_SpaceSkybox.uasset" 178
"../../../Engine/Content/EditorBlueprintResources/StandardMacros.uasset" 179
"../../../../UnrealProjects/SpaceshipGameBP/SpaceshipGameBP/Content/Art/Asteroid/Asteroid1/T_Asteroid1.uasset" 180
"../../../../UnrealProjects/SpaceshipGameBP/SpaceshipGameBP/Content/Art/Asteroid/Asteroid1/T_Asteroid1Normal.uasset" 181
"../../../../UnrealProjects/SpaceshipGameBP/SpaceshipGameBP/Content/Art/Asteroid/Asteroid1/Mat_Asteroid1.uasset" 182
"../../../../UnrealProjects/SpaceshipGameBP/SpaceshipGameBP/Content/Art/Asteroid/Asteroid1/SM_Asteroid1.uasset" 183
"../../../../UnrealProjects/SpaceshipGameBP/SpaceshipGameBP/Content/Blueprints/BP_Asteroid.uasset" 184
"../../../../UnrealProjects/SpaceshipGameBP/SpaceshipGameBP/Content/Art/Asteroid/Asteroid2/T_Asteroid2.uasset" 185
"../../../../UnrealProjects/SpaceshipGameBP/SpaceshipGameBP/Content/Art/Asteroid/Asteroid2/T_Asteroid2Normal.uasset" 186
"../../../../UnrealProjects/SpaceshipGameBP/SpaceshipGameBP/Content/Art/Asteroid/Asteroid2/Mat_Asteroid2.uasset" 187
"../../../../UnrealProjects/SpaceshipGameBP/SpaceshipGameBP/Content/Art/Asteroid/Asteroid2/SM_Asteroid2.uasset" 188
"../../../../UnrealProjects/SpaceshipGameBP/SpaceshipGameBP/Content/Blueprints/BP_Asteroid2.uasset" 189
"../../../../UnrealProjects/SpaceshipGameBP/SpaceshipGameBP/Content/Art/Asteroid/Asteroid3/T_Asteroid3.uasset" 190
"../../../../UnrealProjects/SpaceshipGameBP/SpaceshipGameBP/Content/Art/Asteroid/Asteroid3/T_Asteroid3Normal.uasset" 191
"../../../../UnrealProjects/SpaceshipGameBP/SpaceshipGameBP/Content/Art/Asteroid/Asteroid3/Mat_Asteroid3.uasset" 192
"../../../../UnrealProjects/SpaceshipGameBP/SpaceshipGameBP/Content/Art/Asteroid/Asteroid3/SM_Asteroid3.uasset" 193
"../../../../UnrealProjects/SpaceshipGameBP/SpaceshipGameBP/Content/Blueprints/BP_Asteroid3.uasset" 194
"../../../../UnrealProjects/SpaceshipGameBP/SpaceshipGameBP/Content/Art/Asteroid/Asteroid4/T_Asteroid4.uasset" 195
"../../../../UnrealProjects/SpaceshipGameBP/SpaceshipGameBP/Content/Art/Asteroid/Asteroid4/T_Asteroid4Normal.uasset" 196
"../../../../UnrealProjects/SpaceshipGameBP/SpaceshipGameBP/Content/Art/Asteroid/Asteroid4/Mat_Asteroid4.uasset" 197
"../../../../UnrealProjects/SpaceshipGameBP/SpaceshipGameBP/Content/Art/Asteroid/Asteroid4/SM_Asteroid4.uasset" 198
"../../../../UnrealProjects/SpaceshipGameBP/SpaceshipGameBP/Content/Blueprints/BP_Asteroid4.uasset" 199
"../../../../UnrealProjects/SpaceshipGameBP/SpaceshipGameBP/Content/Art/Star/Mat_Star.uasset" 200
"../../../../UnrealProjects/SpaceshipGameBP/SpaceshipGameBP/Content/Art/Star/SM_Star.uasset" 201
"../../../../UnrealProjects/SpaceshipGameBP/SpaceshipGameBP/Content/Blueprints/BP_Star.uasset" 202
"../../../../UnrealProjects/SpaceshipGameBP/SpaceshipGameBP/Content/Blueprints/BP_Spawner.uasset" 203
"../../../../UnrealProjects/SpaceshipGameBP/SpaceshipGameBP/Content/Level_BuiltData.uasset" 204
"../../../../UnrealProjects/SpaceshipGameBP/SpaceshipGameBP/Content/Level.umap" 205
"../../../Engine/Content/Maps/Entry_BuiltData.uasset" 206
"../../../Engine/Content/Maps/Entry.umap" 207
