Log file open, 11/20/19 17:40:18
LogWindows: Failed to load 'aqProf.dll' (GetLastError=126)
LogWindows: File 'aqProf.dll' does not exist
LogWindows: Failed to load 'VSPerf140.dll' (GetLastError=126)
LogWindows: File 'VSPerf140.dll' does not exist
LogWindows: Failed to load 'VtuneApi.dll' (GetLastError=126)
LogWindows: File 'VtuneApi.dll' does not exist
LogWindows: Failed to load 'VtuneApi32e.dll' (GetLastError=126)
LogWindows: File 'VtuneApi32e.dll' does not exist
LogInit: Display: Running engine for game: SpaceshipGameBP
LogPlatformFile: Not using cached read wrapper
LogTaskGraph: Started task graph with 5 named threads and 35 total threads with 3 sets of task threads.
LogStats: Stats thread started at 0.466671
LogD3D11RHI: Loaded GFSDK_Aftermath_Lib.x64.dll
LogICUInternationalization: Display: ICU TimeZone Detection - Raw Offset: -6:00, Platform Override: ''
LogPluginManager: Mounting plugin Paper2D
LogPluginManager: Mounting plugin AISupport
LogPluginManager: Mounting plugin LightPropagationVolume
LogPluginManager: Mounting plugin CLionSourceCodeAccess
LogPluginManager: Mounting plugin CodeLiteSourceCodeAccess
LogPluginManager: Mounting plugin GitSourceControl
LogPluginManager: Mounting plugin KDevelopSourceCodeAccess
LogPluginManager: Mounting plugin NullSourceCodeAccess
LogPluginManager: Mounting plugin PerforceSourceControl
LogPluginManager: Mounting plugin SubversionSourceControl
LogPluginManager: Mounting plugin UObjectPlugin
LogPluginManager: Mounting plugin VisualStudioCodeSourceCodeAccess
LogPluginManager: Mounting plugin VisualStudioSourceCodeAccess
LogPluginManager: Mounting plugin XCodeSourceCodeAccess
LogPluginManager: Mounting plugin AssetManagerEditor
LogPluginManager: Mounting plugin CryptoKeys
LogPluginManager: Mounting plugin DataValidation
LogPluginManager: Mounting plugin FacialAnimation
LogPluginManager: Mounting plugin GameplayTagsEditor
LogPluginManager: Mounting plugin MacGraphicsSwitching
LogPluginManager: Mounting plugin MeshEditor
LogPluginManager: Mounting plugin MobileLauncherProfileWizard
LogPluginManager: Mounting plugin PluginBrowser
LogPluginManager: Mounting plugin SpeedTreeImporter
LogPluginManager: Mounting plugin DatasmithContent
LogPluginManager: Mounting plugin AlembicImporter
LogPluginManager: Mounting plugin AppleImageUtils
LogPluginManager: Mounting plugin AppleVision
LogPluginManager: Mounting plugin BackChannel
LogPluginManager: Mounting plugin CharacterAI
LogPluginManager: Mounting plugin GeometryCache
LogPluginManager: Mounting plugin HTML5Networking
LogPluginManager: Mounting plugin ProxyLODPlugin
LogPluginManager: Mounting plugin MagicLeap
LogPluginManager: Mounting plugin MagicLeapEmulator
LogPluginManager: Mounting plugin MagicLeapMedia
LogPluginManager: Mounting plugin AndroidMedia
LogPluginManager: Mounting plugin AvfMedia
LogPluginManager: Mounting plugin ImgMedia
LogPluginManager: Mounting plugin LinearTimecode
LogPluginManager: Mounting plugin MediaCompositing
LogPluginManager: Mounting plugin MediaPlayerEditor
LogPluginManager: Mounting plugin WmfMedia
LogPluginManager: Mounting plugin TcpMessaging
LogPluginManager: Mounting plugin UdpMessaging
LogPluginManager: Mounting plugin ActorSequence
LogPluginManager: Mounting plugin LevelSequenceEditor
LogPluginManager: Mounting plugin MatineeToLevelSequence
LogPluginManager: Mounting plugin NetcodeUnitTest
LogPluginManager: Mounting plugin NUTUnrealEngine4
LogPluginManager: Mounting plugin OnlineSubsystemGooglePlay
LogPluginManager: Mounting plugin OnlineSubsystemIOS
LogPluginManager: Mounting plugin OnlineSubsystem
LogPluginManager: Mounting plugin OnlineSubsystemNull
LogPluginManager: Mounting plugin OnlineSubsystemUtils
LogPluginManager: Mounting plugin LauncherChunkInstaller
LogPluginManager: Mounting plugin AndroidDeviceProfileSelector
LogPluginManager: Mounting plugin AndroidMoviePlayer
LogPluginManager: Mounting plugin AndroidPermission
LogPluginManager: Mounting plugin AppleMoviePlayer
LogPluginManager: Mounting plugin ArchVisCharacter
LogPluginManager: Mounting plugin AudioCapture
LogPluginManager: Mounting plugin CableComponent
LogPluginManager: Mounting plugin CustomMeshComponent
LogPluginManager: Mounting plugin EditableMesh
LogPluginManager: Mounting plugin ExampleDeviceProfileSelector
LogPluginManager: Mounting plugin GoogleCloudMessaging
LogPluginManager: Mounting plugin ImmediatePhysics
LogPluginManager: Mounting plugin IOSDeviceProfileSelector
LogPluginManager: Mounting plugin LinuxDeviceProfileSelector
LogPluginManager: Mounting plugin LocationServicesBPLibrary
LogPluginManager: Mounting plugin MobilePatchingUtils
LogPluginManager: Mounting plugin OculusVR
LogPluginManager: Plugin shader directory ../../../Engine/Plugins/Runtime/Oculus/OculusVR/Shaders found
LogPluginManager: Mapping shader source directory ../../../Engine/Plugins/Runtime/Oculus/OculusVR/Shaders to virtual directory /Plugin/OculusVR
LogPluginManager: Mounting plugin PhysXVehicles
LogPluginManager: Mounting plugin ProceduralMeshComponent
LogPluginManager: Mounting plugin RuntimePhysXCooking
LogPluginManager: Mounting plugin SteamVR
LogPluginManager: Mounting plugin WindowsMoviePlayer
LogStreaming: Display: Took  0.177s to configure plugins.
LogInit: Using libcurl 7.55.1-DEV
LogInit:  - built for x86_64-pc-win32
LogInit:  - supports SSL with OpenSSL/1.0.2h
LogInit:  - supports HTTP deflate (compression) using libz 1.2.8
LogInit:  - other features:
LogInit:      CURL_VERSION_SSL
LogInit:      CURL_VERSION_LIBZ
LogInit:      CURL_VERSION_IPV6
LogInit:      CURL_VERSION_ASYNCHDNS
LogInit:      CURL_VERSION_LARGEFILE
LogInit:      CURL_VERSION_IDN
LogInit:  CurlRequestOptions (configurable via config and command line):
LogInit:  - bVerifyPeer = false  - Libcurl will NOT verify peer certificate
LogInit:  - bUseHttpProxy = false  - Libcurl will NOT use HTTP proxy
LogInit:  - bDontReuseConnections = false  - Libcurl will reuse connections
LogInit:  - CertBundlePath = nullptr  - Libcurl will use whatever was configured at build time.
LogInit:  - MaxHostConnections = 16  - Libcurl will limit the number of connections to a host
LogInit:  - LocalHostAddr = Default
LogInit:  - BufferSize = 65536
LogInit: WinSock: version 1.1 (2.2), MaxSocks=32767, MaxUdp=65467
LogHMD: Failed initializing OVRPlugin 1.25.0
LogInit: Build: ++UE4+Release-4.20-CL-4369336
LogInit: Engine Version: 4.20.3-4369336+++UE4+Release-4.20
LogInit: Compatible Engine Version: 4.20.0-4212847+++UE4+Release-4.20
LogInit: Net CL: 4212847
LogInit: OS: Windows 10 (), CPU: Intel(R) Core(TM) i7-8750H CPU @ 2.20GHz, GPU: Intel(R) UHD Graphics 630
LogInit: Compiled (64-bit): Sep 17 2018 12:26:19
LogInit: Compiled with Visual C++: 19.13.26129.00
LogInit: Build Configuration: Development
LogInit: Branch Name: ++UE4+Release-4.20
LogInit: Command Line:  
LogInit: Base Directory: D:/Epic Games/UE_4.20/Engine/Binaries/Win64/
LogInit: Installed Engine Build: 1
LogDevObjectVersion: Number of dev versions registered: 20
LogDevObjectVersion:   Dev-Blueprints (B0D832E4-1F89-4F0D-ACCF-7EB736FD4AA2): 10
LogDevObjectVersion:   Dev-Build (E1C64328-A22C-4D53-A36C-8E866417BD8C): 0
LogDevObjectVersion:   Dev-Core (375EC13C-06E4-48FB-B500-84F0262A717E): 2
LogDevObjectVersion:   Dev-Editor (E4B068ED-F494-42E9-A231-DA0B2E46BB41): 24
LogDevObjectVersion:   Dev-Framework (CFFC743F-43B0-4480-9391-14DF171D2073): 34
LogDevObjectVersion:   Dev-Mobile (B02B49B5-BB20-44E9-A304-32B752E40360): 2
LogDevObjectVersion:   Dev-Networking (A4E4105C-59A1-49B5-A7C5-40C4547EDFEE): 0
LogDevObjectVersion:   Dev-Online (39C831C9-5AE6-47DC-9A44-9C173E1C8E7C): 0
LogDevObjectVersion:   Dev-Physics (78F01B33-EBEA-4F98-B9B4-84EACCB95AA2): 0
LogDevObjectVersion:   Dev-Platform (6631380F-2D4D-43E0-8009-CF276956A95A): 0
LogDevObjectVersion:   Dev-Rendering (12F88B9F-8875-4AFC-A67C-D90C383ABD29): 26
LogDevObjectVersion:   Dev-Sequencer (7B5AE74C-D270-4C10-A958-57980B212A5A): 9
LogDevObjectVersion:   Dev-VR (D7296918-1DD6-4BDD-9DE2-64A83CC13884): 2
LogDevObjectVersion:   Dev-LoadTimes (C2A15278-BFE7-4AFE-6C17-90FF531DF755): 1
LogDevObjectVersion:   Private-Geometry (6EACA3D4-40EC-4CC1-B786-8BED09428FC5): 3
LogDevObjectVersion:   Dev-AnimPhys (29E575DD-E0A3-4627-9D10-D276232CDCEA): 17
LogDevObjectVersion:   Dev-ReflectionCapture (6B266CEC-1EC7-4B8F-A30B-E4D90942FC07): 1
LogDevObjectVersion:   Dev-Automation (0DF73D61-A23F-47EA-B727-89E90C41499A): 1
LogDevObjectVersion:   FortniteMain (601D1886-AC64-4F84-AA16-D3DE0DEAC7D6): 12
LogDevObjectVersion:   Dev-Enterprise (9DFFBCD6-494F-0158-E221-12823C92A888): 1
LogStreaming: Display: Took  0.003s to delete old logs.
LogInit: Presizing for max 8388607 objects, including 0 objects not considered by GC, pre-allocating 0 bytes for permanent pool.
LogInit: Object subsystem initialized
[2019.11.20-23.40.20:106][  0]LogInit: Selected Device Profile: [Windows]
[2019.11.20-23.40.20:106][  0]LogInit: Applying CVar settings loaded from the selected device profile: [Windows]
[2019.11.20-23.40.20:138][  0]LogHAL: Display: Platform has ~ 16 GB [17044414464 / 17179869184 / 16], which maps to Larger [LargestMinGB=32, LargerMinGB=12, DefaultMinGB=8, SmallerMinGB=6, SmallestMinGB=0)
[2019.11.20-23.40.20:138][  0]LogInit: Setting Device Profile CVar: [[r.Vulkan.UseRealUBs:1]]
[2019.11.20-23.40.20:138][  0]LogInit: Going up to parent DeviceProfile []
[2019.11.20-23.40.20:143][  0]LogInit: Computer: LAPTOPCYBERPOWE
[2019.11.20-23.40.20:143][  0]LogInit: User: SamHirsch
[2019.11.20-23.40.20:143][  0]LogInit: CPU Page size=4096, Cores=6
[2019.11.20-23.40.20:143][  0]LogInit: High frequency timer resolution =10.000000 MHz
[2019.11.20-23.40.20:143][  0]LogMemory: Memory total: Physical=15.9GB (16GB approx)
[2019.11.20-23.40.20:143][  0]LogMemory: Platform Memory Stats for Windows
[2019.11.20-23.40.20:143][  0]LogMemory: Process Physical Memory: 105.59 MB used, 105.60 MB peak
[2019.11.20-23.40.20:143][  0]LogMemory: Process Virtual Memory: 89.63 MB used, 89.63 MB peak
[2019.11.20-23.40.20:143][  0]LogMemory: Physical Memory: 12034.03 MB used,  4220.79 MB free, 16254.82 MB total
[2019.11.20-23.40.20:143][  0]LogMemory: Virtual Memory: 4659.15 MB used,  4220.79 MB free, 134217728.00 MB total
[2019.11.20-23.40.20:360][  0]LogInit: Using OS detected language (en-US).
[2019.11.20-23.40.20:360][  0]LogInit: Using OS detected locale (en-US).
[2019.11.20-23.40.20:361][  0]LogTextLocalizationManager: No specific localization for 'en-US' exists, so the 'en' localization will be used.
[2019.11.20-23.40.20:833][  0]LogStreaming: Display: Took  0.474s to InitEngineTextLocalization.
[2019.11.20-23.40.20:834][  0]LogInit: Setting process to per monitor DPI aware
[2019.11.20-23.40.20:925][  0]LogSlate: New Slate User Created.  User Index 0, Is Virtual User: 0
[2019.11.20-23.40.20:925][  0]LogSlate: Slate User Registered.  User Index 0, Is Virtual User: 0
[2019.11.20-23.40.30:504][  0]LogHMD: Failed to initialize OpenVR with code 108
[2019.11.20-23.40.30:504][  0]LogD3D11RHI: D3D11 adapters:
[2019.11.20-23.40.31:067][  0]LogD3D11RHI:    0. 'NVIDIA GeForce GTX 1060' (Feature Level 11_0)
[2019.11.20-23.40.31:067][  0]LogD3D11RHI:       6052/0/8127 MB DedicatedVideo/DedicatedSystem/SharedSystem, Outputs:1, VendorId:0x10de
[2019.11.20-23.40.31:083][  0]LogD3D11RHI:    1. 'Intel(R) UHD Graphics 630' (Feature Level 11_0)
[2019.11.20-23.40.31:083][  0]LogD3D11RHI:       128/0/8127 MB DedicatedVideo/DedicatedSystem/SharedSystem, Outputs:0, VendorId:0x8086
[2019.11.20-23.40.31:085][  0]LogD3D11RHI:    2. 'Microsoft Basic Render Driver' (Feature Level 11_0)
[2019.11.20-23.40.31:085][  0]LogD3D11RHI:       0/0/8127 MB DedicatedVideo/DedicatedSystem/SharedSystem, Outputs:0, VendorId:0x1414
[2019.11.20-23.40.31:085][  0]LogD3D11RHI: Chosen D3D11 Adapter: 0
[2019.11.20-23.40.31:116][  0]LogD3D11RHI: Creating new Direct3DDevice
[2019.11.20-23.40.31:116][  0]LogD3D11RHI:     GPU DeviceId: 0x1c20 (for the marketing name, search the web for "GPU Device Id")
[2019.11.20-23.40.31:116][  0]LogWindows: EnumDisplayDevices:
[2019.11.20-23.40.31:116][  0]LogWindows:    0. 'Intel(R) UHD Graphics 630' (P:1 D:1)
[2019.11.20-23.40.31:116][  0]LogWindows:    1. 'Intel(R) UHD Graphics 630' (P:0 D:0)
[2019.11.20-23.40.31:116][  0]LogWindows:    2. 'Intel(R) UHD Graphics 630' (P:0 D:0)
[2019.11.20-23.40.31:117][  0]LogWindows:    3. 'NVIDIA GeForce GTX 1060' (P:0 D:0)
[2019.11.20-23.40.31:117][  0]LogWindows: DebugString: PrimaryIsNotTheChoosenAdapter PrimaryIsNotTheChoosenAdapter PrimaryIsNotTheChoosenAdapter 
[2019.11.20-23.40.31:117][  0]LogD3D11RHI:     Adapter Name: NVIDIA GeForce GTX 1060
[2019.11.20-23.40.31:117][  0]LogD3D11RHI:   Driver Version: 430.64 (internal:26.21.14.3064, unified:430.64)
[2019.11.20-23.40.31:117][  0]LogD3D11RHI:      Driver Date: 5-5-2019
[2019.11.20-23.40.31:117][  0]LogRHI: Texture pool is 4236 MB (70% of 6052 MB)
[2019.11.20-23.40.31:160][  0]LogD3D11RHI: Async texture creation enabled
[2019.11.20-23.40.31:297][  0]LogD3D11RHI: GPU Timing Frequency: 1000.000000 (Debug: 2 1)
[2019.11.20-23.40.31:299][  0]LogShaderCompilers: Guid format shader working directory is -8 characters bigger than the processId version (../../../../UnrealProjects/SpaceshipGameBP/SpaceshipGameBP/Intermediate/Shaders/WorkingDirectory/17744/).
[2019.11.20-23.40.31:299][  0]LogShaderCompilers: Cleaned the shader compiler working directory 'C:/Users/Sam Hirsch/AppData/Local/Temp/UnrealShaderWorkingDir/62E46059448BF2AD491D8BA2CE5C82C2/'.
[2019.11.20-23.40.31:770][  0]LogTemp: Display: Loaded TP AllDesktopTargetPlatform
[2019.11.20-23.40.31:903][  0]LogTemp: Display: Loaded TP MacClientTargetPlatform
[2019.11.20-23.40.31:926][  0]LogTemp: Display: Loaded TP MacNoEditorTargetPlatform
[2019.11.20-23.40.31:973][  0]LogTemp: Display: Loaded TP MacServerTargetPlatform
[2019.11.20-23.40.32:001][  0]LogTemp: Display: Loaded TP MacTargetPlatform
[2019.11.20-23.40.32:027][  0]LogTemp: Display: Loaded TP WindowsClientTargetPlatform
[2019.11.20-23.40.32:052][  0]LogTemp: Display: Loaded TP WindowsNoEditorTargetPlatform
[2019.11.20-23.40.32:079][  0]LogTemp: Display: Loaded TP WindowsServerTargetPlatform
[2019.11.20-23.40.32:098][  0]LogTemp: Display: Loaded TP WindowsTargetPlatform
[2019.11.20-23.40.32:199][  0]LogTemp: Display: Loaded TP AndroidTargetPlatform
[2019.11.20-23.40.32:199][  0]LogTemp: Display: Loaded TP AndroidTargetPlatform
[2019.11.20-23.40.32:199][  0]LogTemp: Display: Loaded TP AndroidTargetPlatform
[2019.11.20-23.40.32:199][  0]LogTemp: Display: Loaded TP AndroidTargetPlatform
[2019.11.20-23.40.32:199][  0]LogTemp: Display: Loaded TP AndroidTargetPlatform
[2019.11.20-23.40.32:199][  0]LogTemp: Display: Loaded TP AndroidTargetPlatform
[2019.11.20-23.40.32:199][  0]LogTemp: Display: Loaded TP AndroidTargetPlatform
[2019.11.20-23.40.32:199][  0]LogTemp: Display: Loaded TP AndroidTargetPlatform
[2019.11.20-23.40.32:199][  0]LogTemp: Display: Loaded TP AndroidTargetPlatform
[2019.11.20-23.40.32:199][  0]LogTemp: Display: Loaded TP AndroidTargetPlatform
[2019.11.20-23.40.32:199][  0]LogTemp: Display: Loaded TP AndroidTargetPlatform
[2019.11.20-23.40.32:199][  0]LogTemp: Display: Loaded TP AndroidTargetPlatform
[2019.11.20-23.40.32:199][  0]LogTemp: Display: Loaded TP AndroidTargetPlatform
[2019.11.20-23.40.32:199][  0]LogTemp: Display: Loaded TP AndroidTargetPlatform
[2019.11.20-23.40.32:199][  0]LogTemp: Display: Loaded TP AndroidTargetPlatform
[2019.11.20-23.40.32:199][  0]LogTemp: Display: Loaded TP AndroidTargetPlatform
[2019.11.20-23.40.32:199][  0]LogTemp: Display: Loaded TP AndroidTargetPlatform
[2019.11.20-23.40.32:199][  0]LogTemp: Display: Loaded TP AndroidTargetPlatform
[2019.11.20-23.40.32:214][  0]LogTemp: Display: Loaded TP HTML5TargetPlatform
[2019.11.20-23.40.32:381][  0]LogTemp: Display: Loaded TP IOSTargetPlatform
[2019.11.20-23.40.32:381][  0]LogTemp: Display: Loaded TP IOSTargetPlatform
[2019.11.20-23.40.32:464][  0]LogTemp: Display: Loaded TP TVOSTargetPlatform
[2019.11.20-23.40.32:464][  0]LogTemp: Display: Loaded TP TVOSTargetPlatform
[2019.11.20-23.40.32:524][  0]LogTemp: Display: Loaded TP LinuxClientTargetPlatform
[2019.11.20-23.40.32:548][  0]LogTemp: Display: Loaded TP LinuxNoEditorTargetPlatform
[2019.11.20-23.40.32:572][  0]LogTemp: Display: Loaded TP LinuxServerTargetPlatform
[2019.11.20-23.40.32:655][  0]LogTemp: Display: Loaded TP LinuxTargetPlatform
[2019.11.20-23.40.32:676][  0]LogTemp: Display: Loaded TP LuminTargetPlatform
[2019.11.20-23.40.32:676][  0]LogTargetPlatformManager: Display: Building Assets For Windows
[2019.11.20-23.40.33:601][  0]LogXGEController: Cannot use XGE Controller as Incredibuild is not installed on this machine.
[2019.11.20-23.40.33:601][  0]LogShaderCompilers: Cannot use XGE Shader Compiler as Incredibuild is not installed on this machine.
[2019.11.20-23.40.33:601][  0]LogShaderCompilers: Display: Using Local Shader Compiler.
[2019.11.20-23.40.37:851][  0]LogDerivedDataCache: Display: Max Cache Size: 512 MB
[2019.11.20-23.40.37:907][  0]LogDerivedDataCache: Loaded boot cache 0.06s 71MB C:/Users/Sam Hirsch/AppData/Local/UnrealEngine/4.20/DerivedDataCache/Boot.ddc.
[2019.11.20-23.40.37:907][  0]LogDerivedDataCache: Display: Loaded Boot cache: C:/Users/Sam Hirsch/AppData/Local/UnrealEngine/4.20/DerivedDataCache/Boot.ddc
[2019.11.20-23.40.37:908][  0]LogDerivedDataCache: FDerivedDataBackendGraph:  Pak pak cache file ../../../../UnrealProjects/SpaceshipGameBP/SpaceshipGameBP/DerivedDataCache/DDC.ddp not found, will not use a pak cache.
[2019.11.20-23.40.37:908][  0]LogDerivedDataCache: Unable to find inner node Pak for hierarchical cache Hierarchy.
[2019.11.20-23.40.37:908][  0]LogDerivedDataCache: FDerivedDataBackendGraph:  CompressedPak pak cache file ../../../../UnrealProjects/SpaceshipGameBP/SpaceshipGameBP/DerivedDataCache/Compressed.ddp not found, will not use a pak cache.
[2019.11.20-23.40.37:908][  0]LogDerivedDataCache: Unable to find inner node CompressedPak for hierarchical cache Hierarchy.
[2019.11.20-23.40.37:927][  0]LogDerivedDataCache: Display: Pak cache opened for reading ../../../Engine/DerivedDataCache/Compressed.ddp.
[2019.11.20-23.40.37:939][  0]LogDerivedDataCache: Using Local data cache path C:/Users/Sam Hirsch/AppData/Local/UnrealEngine/Common/DerivedDataCache: Writable
[2019.11.20-23.40.37:939][  0]LogDerivedDataCache: Shared data cache path not found in *engine.ini, will not use an Shared cache.
[2019.11.20-23.40.37:939][  0]LogDerivedDataCache: Unable to find inner node Shared for hierarchical cache Hierarchy.
[2019.11.20-23.40.37:955][  0]LogMaterial: Verifying Global Shaders for PCD3D_SM5
[2019.11.20-23.40.37:957][  0]LogSlate: Using FreeType 2.6.0
[2019.11.20-23.40.37:972][  0]LogSlate: SlateFontServices - WITH_FREETYPE: 1, WITH_HARFBUZZ: 1
[2019.11.20-23.40.38:198][  0]LogAssetRegistry: FAssetRegistry took 0.0255 seconds to start up
[2019.11.20-23.40.38:502][  0]LogInit: Selected Device Profile: [Windows]
[2019.11.20-23.40.39:478][  0]LogSimplygon: Simplygon DLL not present - disabling.
[2019.11.20-23.40.39:512][  0]LogMeshReduction: Using SimplygonSwarm for distributed automatic mesh merging
[2019.11.20-23.40.39:512][  0]LogMeshReduction: Using ProxyLODMeshReduction for automatic mesh merging
[2019.11.20-23.40.39:512][  0]LogMeshReduction: Using QuadricMeshReduction for automatic static mesh reduction
[2019.11.20-23.40.39:512][  0]LogMeshReduction: No automatic skeletal mesh reduction module available
[2019.11.20-23.40.39:553][  0]LogNetVersion: SpaceshipGameBP 1.0.0, NetCL: 4212847, EngineNetVer: 5, GameNetVer: 0 (Checksum: 1689264264)
[2019.11.20-23.40.41:740][  0]LogPackageLocalizationCache: Processed 11 localized package path(s) for 2 prioritized culture(s) in 0.119877 seconds
[2019.11.20-23.40.41:746][  0]LogUObjectArray: 38425 objects as part of root set at end of initial load.
[2019.11.20-23.40.41:746][  0]LogUObjectAllocator: 6690872 out of 0 bytes used by permanent object pool.
[2019.11.20-23.40.41:746][  0]LogUObjectArray: CloseDisregardForGC: 0/0 objects in disregard for GC pool
[2019.11.20-23.40.45:547][  0]LogTcpMessaging: Initializing TcpMessaging bridge
[2019.11.20-23.40.45:577][  0]LogUdpMessaging: Initializing bridge on interface 0.0.0.0:0 to multicast group 230.0.0.1:6666.
[2019.11.20-23.40.46:026][  0]SourceControl: Source control is disabled
[2019.11.20-23.40.46:026][  0]SourceControl: Source control is disabled
[2019.11.20-23.40.46:075][  0]SourceControl: Source control is disabled
[2019.11.20-23.40.46:098][  0]SourceControl: Source control is disabled
[2019.11.20-23.40.47:252][  0]LogAndroidPermission: UAndroidPermissionCallbackProxy::GetInstance
[2019.11.20-23.40.47:688][  0]LogOcInput: OculusInput pre-init called
[2019.11.20-23.40.47:857][  0]LogEngine: Initializing Engine...
[2019.11.20-23.40.53:695][  0]LogHMD: Failed to initialize OpenVR with code 108
[2019.11.20-23.40.53:698][  0]LogStats: UGameplayTagsManager::ConstructGameplayTagTree: ImportINI prefixes -  0.000 s
[2019.11.20-23.40.53:698][  0]LogStats: UGameplayTagsManager::ConstructGameplayTagTree: Construct from data asset -  0.000 s
[2019.11.20-23.40.53:698][  0]LogStats: UGameplayTagsManager::ConstructGameplayTagTree: ImportINI -  0.000 s
[2019.11.20-23.40.53:698][  0]LogStats: UGameplayTagsManager::ConstructGameplayTagTree: GameplayTagTreeChangedEvent.Broadcast -  0.000 s
[2019.11.20-23.40.55:228][  0]LogInit: Initializing FReadOnlyCVARCache
[2019.11.20-23.40.55:267][  0]LogAIModule: Creating AISystem for world Untitled
[2019.11.20-23.40.55:362][  0]LogInit: XAudio2 using 'Headphones +SSE3 (Jib+ Stereo)' : 2 channels at 44.1 kHz using 16 bits per sample (channel mask 0x3)
[2019.11.20-23.40.55:381][  0]LogInit: FAudioDevice initialized.
[2019.11.20-23.40.55:381][  0]LogNetVersion: Set ProjectVersion to 1.0.0.0. Version Checksum will be recalculated on next use.
[2019.11.20-23.40.55:506][  0]LogDerivedDataCache: Saved boot cache 0.13s 71MB C:/Users/Sam Hirsch/AppData/Local/UnrealEngine/4.20/DerivedDataCache/Boot.ddc.
[2019.11.20-23.40.55:526][  0]LogInit: Texture streaming: Enabled
[2019.11.20-23.40.55:608][  0]LogEngineSessionManager: EngineSessionManager initialized
[2019.11.20-23.40.55:651][  0]LogInit: Transaction tracking system initialized
[2019.11.20-23.40.55:766][  0]BlueprintLog: New page: Editor Load
[2019.11.20-23.40.56:406][  0]LocalizationService: Localization service is disabled
[2019.11.20-23.40.58:037][  0]LogCook: Display: Max memory allowance for cook 16384mb min free memory 0mb
[2019.11.20-23.40.58:037][  0]LogCook: Display: Mobile HDR setting 1
[2019.11.20-23.40.58:037][  0]LogGameplayTags: Display: UGameplayTagsManager::DoneAddingNativeTags. DelegateIsBound: 0
[2019.11.20-23.40.58:037][  0]LogStats: UGameplayTagsManager::ConstructGameplayTagTree: ImportINI prefixes -  0.000 s
[2019.11.20-23.40.58:037][  0]LogStats: UGameplayTagsManager::ConstructGameplayTagTree: Construct from data asset -  0.000 s
[2019.11.20-23.40.58:037][  0]LogFileCache: Scanning file cache for directory 'D:/Epic Games/UnrealProjects/SpaceshipGameBP/SpaceshipGameBP/Content/' took 0.02s
[2019.11.20-23.40.58:037][  0]LogStats: UGameplayTagsManager::ConstructGameplayTagTree: ImportINI -  0.000 s
[2019.11.20-23.40.58:037][  0]LogStats: UGameplayTagsManager::ConstructGameplayTagTree: GameplayTagTreeChangedEvent.Broadcast -  0.000 s
[2019.11.20-23.40.59:040][  0]SourceControl: Source control is disabled
[2019.11.20-23.40.59:040][  0]Cmd: MAP LOAD FILE="../../../../UnrealProjects/SpaceshipGameBP/SpaceshipGameBP/Content/Level.umap" TEMPLATE=0 SHOWPROGRESS=1 FEATURELEVEL=3
[2019.11.20-23.40.59:040][  0]LightingResults: New page: Lighting Build
[2019.11.20-23.40.59:042][  0]MapCheck: New page: Map Check
[2019.11.20-23.40.59:042][  0]LightingResults: New page: Lighting Build
[2019.11.20-23.41.00:740][  0]LogAIModule: Creating AISystem for world Level
[2019.11.20-23.41.00:751][  0]LogEditorServer: Finished looking for orphan Actors (0.000 secs)
[2019.11.20-23.41.00:774][  0]Cmd: MAP CHECKDEP NOCLEARLOG
[2019.11.20-23.41.00:812][  0]MapCheck: Map check complete: 0 Error(s), 0 Warning(s), took 36.881ms to complete.
[2019.11.20-23.41.00:812][  0]LogFileHelpers: Loading map 'Level' took 1.772
[2019.11.20-23.41.00:918][  0]LogCollectionManager: Loaded 0 collections in 0.000764 seconds
[2019.11.20-23.41.00:957][  0]LogFileCache: Scanning file cache for directory 'D:/Epic Games/UnrealProjects/SpaceshipGameBP/SpaceshipGameBP/Saved/Collections/' took 0.01s
[2019.11.20-23.41.00:957][  0]LogFileCache: Scanning file cache for directory 'D:/Epic Games/UnrealProjects/SpaceshipGameBP/SpaceshipGameBP/Content/Developers/SamHirsch/Collections/' took 0.01s
[2019.11.20-23.41.00:957][  0]LogFileCache: Scanning file cache for directory 'D:/Epic Games/UnrealProjects/SpaceshipGameBP/SpaceshipGameBP/Content/Collections/' took 0.01s
[2019.11.20-23.41.00:957][  0]LogCollectionManager: Rebuilt the GUID cache for 0 collections in 0.000000 seconds
[2019.11.20-23.41.00:965][  0]LogContentBrowser: Native class hierarchy populated in 0.0085 seconds. Added 2572 classes and 603 folders.
[2019.11.20-23.41.00:971][  0]LogContentBrowser: Native class hierarchy updated for 'WidgetCarousel' in 0.0002 seconds. Added 0 classes and 0 folders.
[2019.11.20-23.41.01:418][  0]LogContentBrowser: Native class hierarchy updated for 'AddContentDialog' in 0.0003 seconds. Added 0 classes and 0 folders.
[2019.11.20-23.41.01:448][  0]LogSlate: Updating window title bar state: overlay mode, drag disabled, window buttons hidden, title bar hidden
[2019.11.20-23.41.01:455][  0]LogSlate: Updating window title bar state: overlay mode, drag disabled, window buttons hidden, title bar hidden
[2019.11.20-23.41.01:462][  0]LogSlate: Updating window title bar state: overlay mode, drag disabled, window buttons hidden, title bar hidden
[2019.11.20-23.41.01:469][  0]LogSlate: Updating window title bar state: overlay mode, drag disabled, window buttons hidden, title bar hidden
[2019.11.20-23.41.01:488][  0]LogContentBrowser: Native class hierarchy updated for 'SceneOutliner' in 0.0002 seconds. Added 1 classes and 2 folders.
[2019.11.20-23.41.01:564][  0]LogSlate: Took 0.006696 seconds to synchronously load lazily loaded font '../../../Engine/Content/Slate/Fonts/Roboto-Regular.ttf' (155K)
[2019.11.20-23.41.01:574][  0]LogSlate: Took 0.006617 seconds to synchronously load lazily loaded font '../../../Engine/Content/Editor/Slate/Fonts/FontAwesome.ttf' (139K)
[2019.11.20-23.41.01:580][  0]LogSlate: Took 0.005807 seconds to synchronously load lazily loaded font '../../../Engine/Content/Slate/Fonts/Roboto-Bold.ttf' (160K)
[2019.11.20-23.41.01:601][  0]LogSlate: Took 0.005532 seconds to synchronously load lazily loaded font '../../../Engine/Content/Slate/Fonts/Roboto-Light.ttf' (167K)
[2019.11.20-23.41.01:699][  0]LogRenderer: Reallocating scene render targets to support 844x712 Format 10 NumSamples 1 (Frame:1).
[2019.11.20-23.41.02:018][  0]LogContentBrowser: Native class hierarchy updated for 'HierarchicalLODOutliner' in 0.0002 seconds. Added 0 classes and 0 folders.
[2019.11.20-23.41.02:019][  0]LogLoad: (Engine Initialization) Total time: 46.91 seconds
[2019.11.20-23.41.02:019][  0]LogLoad: (Engine Initialization) Total Blueprint compile time: 0.00 seconds
[2019.11.20-23.41.02:066][  0]LogContentStreaming: Texture pool size now 1000 MB
[2019.11.20-23.41.02:141][  1]LogAssetRegistry: Asset discovery search completed in 23.9657 seconds
[2019.11.20-23.41.02:143][  1]LogCollectionManager: Rebuilt the object cache for 0 collections in 0.000000 seconds (found 0 objects)
[2019.11.20-23.41.02:143][  1]LogCollectionManager: Fixed up redirectors for 0 collections in 0.000063 seconds (updated 0 objects)
[2019.11.20-23.43.15:186][ 32]LogSlate: FSceneViewport::OnFocusLost() reason 0
[2019.11.20-23.43.15:286][ 38]LogTemp: Repeating last play command: New Editor Window (PIE)
[2019.11.20-23.43.15:300][ 38]LogPlayLevel: PlayLevel: No blueprints needed recompiling
[2019.11.20-23.43.15:315][ 38]PIE: New page: PIE session: Level (Nov 20, 2019, 11:43:15 AM)
[2019.11.20-23.43.15:315][ 38]LogPlayLevel: Creating play world package: /Game/UEDPIE_0_Level
[2019.11.20-23.43.15:317][ 38]LogPlayLevel: PIE: StaticDuplicateObject took: (0.002569s)
[2019.11.20-23.43.15:318][ 38]LogAIModule: Creating AISystem for world Level
[2019.11.20-23.43.15:318][ 38]LogPlayLevel: PIE: World Init took: (0.000631s)
[2019.11.20-23.43.15:318][ 38]LogPlayLevel: PIE: Created PIE world by copying editor world from /Game/Level.Level to /Game/UEDPIE_0_Level.Level (0.003324s)
[2019.11.20-23.43.15:380][ 38]LogInit: XAudio2 using 'Headphones +SSE3 (Jib+ Stereo)' : 2 channels at 44.1 kHz using 16 bits per sample (channel mask 0x3)
[2019.11.20-23.43.15:397][ 38]LogInit: FAudioDevice initialized.
[2019.11.20-23.43.15:410][ 38]LogSlate: Updating window title bar state: overlay mode, drag disabled, window buttons hidden, title bar hidden
[2019.11.20-23.43.15:508][ 38]LogLoad: Game class is 'BP_GameMode_C'
[2019.11.20-23.43.15:510][ 38]LogWorld: Bringing World /Game/UEDPIE_0_Level.Level up for play (max tick rate 60) at 2019.11.20-17.43.15
[2019.11.20-23.43.15:510][ 38]LogWorld: Bringing up level for play took: 0.000453
[2019.11.20-23.43.15:528][ 38]LogContentBrowser: Native class hierarchy updated for 'MovieSceneCapture' in 0.0003 seconds. Added 10 classes and 0 folders.
[2019.11.20-23.43.15:531][ 38]LogScript: Warning: Accessed None trying to read property CallFunc_FinishSpawningActor_ReturnValue1
	BP_Spawner_C /Game/UEDPIE_0_Level.Level:PersistentLevel.BP_Spawner_2
	Function /Game/Blueprints/BP_Spawner.BP_Spawner_C:ExecuteUbergraph_BP_Spawner:03BD
[2019.11.20-23.43.15:531][ 38]PIE: Error: Blueprint Runtime Error: "Accessed None trying to read property CallFunc_FinishSpawningActor_ReturnValue1". Blueprint:  BP_Spawner Function:  Execute Ubergraph BP Spawner Graph:  EventGraph Node:  Set Life Span
[2019.11.20-23.43.15:536][ 38]PIE: Play in editor start time for /Game/UEDPIE_0_Level 1.203
[2019.11.20-23.43.15:551][ 38]LogRenderer: Reallocating scene render targets to support 1024x712 Format 10 NumSamples 1 (Frame:1).
[2019.11.20-23.43.26:623][696]LogSlate: Updating window title bar state: overlay mode, drag disabled, window buttons hidden, title bar hidden
[2019.11.20-23.43.26:639][696]LogSlate: Window 'SpaceshipGameBP Game Preview Standalone (64-bit/PCD3D_SM5)' being destroyed
[2019.11.20-23.43.26:677][696]LogPlayLevel: Display: Shutting down PIE online subsystems
[2019.11.20-23.43.26:726][697]LogPlayLevel: Display: Destroying online subsystem :Context_5
[2019.11.20-23.44.07:305][388]LogSlate: Took 0.000152 seconds to synchronously load lazily loaded font '../../../Engine/Content/Slate/Fonts/Roboto-Light.ttf' (167K)
[2019.11.20-23.44.07:321][388]LogAssetEditorManager: Opening Asset editor for Blueprint /Game/Blueprints/BP_Spaceship.BP_Spaceship
[2019.11.20-23.44.07:714][388]LogContentBrowser: Native class hierarchy updated for 'BlueprintGraph' in 0.0005 seconds. Added 116 classes and 0 folders.
[2019.11.20-23.44.08:419][388]LogSlate: Took 0.000158 seconds to synchronously load lazily loaded font '../../../Engine/Content/Slate/Fonts/Roboto-BoldCondensed.ttf' (158K)
[2019.11.20-23.44.08:538][389]LogSlate: Took 0.006224 seconds to synchronously load lazily loaded font '../../../Engine/Content/Slate/Fonts/Roboto-Italic.ttf' (157K)
[2019.11.20-23.44.24:939][367]LogEditorTransaction: Undo Make New Scene Root
[2019.11.20-23.44.48:801][797]LogSlate: FSceneViewport::OnFocusLost() reason 0
[2019.11.20-23.44.55:153][178]LogEditorTransaction: Undo Modify Component(s)
[2019.11.20-23.44.57:270][304]LogSlate: FSceneViewport::OnFocusLost() reason 0
[2019.11.20-23.45.38:435][773]LogSlate: FSceneViewport::OnFocusLost() reason 0
[2019.11.20-23.47.49:987][596]LogTemp: Repeating last play command: New Editor Window (PIE)
[2019.11.20-23.47.50:006][596]BlueprintLog: New page: Pre-Play auto-recompile
[2019.11.20-23.47.50:019][596]LogPlayLevel: [PlayLevel] Compiling BP_Spaceship before play...
[2019.11.20-23.47.50:202][596]LogPlayLevel: PlayLevel: Blueprint regeneration took 196 ms (1 blueprints)
[2019.11.20-23.47.50:203][596]PIE: New page: PIE session: Level (Nov 20, 2019, 11:47:50 AM)
[2019.11.20-23.47.50:203][596]LogPlayLevel: Creating play world package: /Game/UEDPIE_0_Level
[2019.11.20-23.47.50:205][596]LogPlayLevel: PIE: StaticDuplicateObject took: (0.001982s)
[2019.11.20-23.47.50:206][596]LogAIModule: Creating AISystem for world Level
[2019.11.20-23.47.50:206][596]LogPlayLevel: PIE: World Init took: (0.001255s)
[2019.11.20-23.47.50:206][596]LogPlayLevel: PIE: Created PIE world by copying editor world from /Game/Level.Level to /Game/UEDPIE_0_Level.Level (0.003373s)
[2019.11.20-23.47.50:270][596]LogInit: XAudio2 using 'Headphones +SSE3 (Jib+ Stereo)' : 2 channels at 44.1 kHz using 16 bits per sample (channel mask 0x3)
[2019.11.20-23.47.50:282][596]LogInit: FAudioDevice initialized.
[2019.11.20-23.47.50:292][596]LogSlate: Updating window title bar state: overlay mode, drag disabled, window buttons hidden, title bar hidden
[2019.11.20-23.47.50:424][596]LogLoad: Game class is 'BP_GameMode_C'
[2019.11.20-23.47.50:425][596]LogWorld: Bringing World /Game/UEDPIE_0_Level.Level up for play (max tick rate 60) at 2019.11.20-17.47.50
[2019.11.20-23.47.50:425][596]LogWorld: Bringing up level for play took: 0.000510
[2019.11.20-23.47.50:438][596]LogScript: Warning: Accessed None trying to read property CallFunc_FinishSpawningActor_ReturnValue1
	BP_Spawner_C /Game/UEDPIE_0_Level.Level:PersistentLevel.BP_Spawner_2
	Function /Game/Blueprints/BP_Spawner.BP_Spawner_C:ExecuteUbergraph_BP_Spawner:03BD
[2019.11.20-23.47.50:438][596]PIE: Error: Blueprint Runtime Error: "Accessed None trying to read property CallFunc_FinishSpawningActor_ReturnValue1". Blueprint:  BP_Spawner Function:  Execute Ubergraph BP Spawner Graph:  EventGraph Node:  Set Life Span
[2019.11.20-23.47.50:441][596]PIE: Play in editor start time for /Game/UEDPIE_0_Level 0.107
[2019.11.20-23.47.52:269][692]LogSlate: Updating window title bar state: overlay mode, drag disabled, window buttons hidden, title bar hidden
[2019.11.20-23.47.52:286][692]LogSlate: Window 'SpaceshipGameBP Game Preview Standalone (64-bit/PCD3D_SM5)' being destroyed
[2019.11.20-23.47.52:321][692]LogPlayLevel: Display: Shutting down PIE online subsystems
[2019.11.20-23.47.52:380][693]LogPlayLevel: Display: Destroying online subsystem :Context_7
[2019.11.20-23.48.31:054][271]LogSlate: FSceneViewport::OnFocusLost() reason 2
[2019.11.20-23.48.54:621][672]LogActorFactory: Actor Factory created Plane
[2019.11.20-23.48.55:116][701]LogActorFactory: Actor Factory created Plane
[2019.11.20-23.49.03:932][227]LogSlate: FSceneViewport::OnFocusLost() reason 0
[2019.11.20-23.49.04:048][234]LogTemp: Repeating last play command: New Editor Window (PIE)
[2019.11.20-23.49.04:068][234]LogPlayLevel: PlayLevel: No blueprints needed recompiling
[2019.11.20-23.49.04:068][234]PIE: New page: PIE session: Level (Nov 20, 2019, 11:49:04 AM)
[2019.11.20-23.49.04:068][234]LogPlayLevel: Creating play world package: /Game/UEDPIE_0_Level
[2019.11.20-23.49.04:070][234]LogPlayLevel: PIE: StaticDuplicateObject took: (0.001772s)
[2019.11.20-23.49.04:071][234]LogAIModule: Creating AISystem for world Level
[2019.11.20-23.49.04:072][234]LogPlayLevel: PIE: World Init took: (0.001834s)
[2019.11.20-23.49.04:072][234]LogPlayLevel: PIE: Created PIE world by copying editor world from /Game/Level.Level to /Game/UEDPIE_0_Level.Level (0.003727s)
[2019.11.20-23.49.04:139][234]LogInit: XAudio2 using 'Headphones +SSE3 (Jib+ Stereo)' : 2 channels at 44.1 kHz using 16 bits per sample (channel mask 0x3)
[2019.11.20-23.49.04:149][234]LogInit: FAudioDevice initialized.
[2019.11.20-23.49.04:161][234]LogSlate: Updating window title bar state: overlay mode, drag disabled, window buttons hidden, title bar hidden
[2019.11.20-23.49.04:291][234]LogLoad: Game class is 'BP_GameMode_C'
[2019.11.20-23.49.04:293][234]LogWorld: Bringing World /Game/UEDPIE_0_Level.Level up for play (max tick rate 60) at 2019.11.20-17.49.04
[2019.11.20-23.49.04:294][234]LogWorld: Bringing up level for play took: 0.000978
[2019.11.20-23.49.04:309][234]LogScript: Warning: Accessed None trying to read property CallFunc_FinishSpawningActor_ReturnValue1
	BP_Spawner_C /Game/UEDPIE_0_Level.Level:PersistentLevel.BP_Spawner_2
	Function /Game/Blueprints/BP_Spawner.BP_Spawner_C:ExecuteUbergraph_BP_Spawner:03BD
[2019.11.20-23.49.04:309][234]PIE: Error: Blueprint Runtime Error: "Accessed None trying to read property CallFunc_FinishSpawningActor_ReturnValue1". Blueprint:  BP_Spawner Function:  Execute Ubergraph BP Spawner Graph:  EventGraph Node:  Set Life Span
[2019.11.20-23.49.04:312][234]PIE: Play in editor start time for /Game/UEDPIE_0_Level -0.021
[2019.11.20-23.49.07:427][416]LogSlate: Updating window title bar state: overlay mode, drag disabled, window buttons hidden, title bar hidden
[2019.11.20-23.49.07:443][416]LogSlate: Window 'SpaceshipGameBP Game Preview Standalone (64-bit/PCD3D_SM5)' being destroyed
[2019.11.20-23.49.07:479][416]LogPlayLevel: Display: Shutting down PIE online subsystems
[2019.11.20-23.49.07:533][417]LogPlayLevel: Display: Destroying online subsystem :Context_10
[2019.11.20-23.49.08:546][477]LogEditorViewport: Clicking on Actor (LMB): StaticMeshActor (Plane)
[2019.11.20-23.49.22:073][286]LogSlate: FSceneViewport::OnFocusLost() reason 0
[2019.11.20-23.49.22:173][292]LogTemp: Repeating last play command: New Editor Window (PIE)
[2019.11.20-23.49.22:190][292]LogPlayLevel: PlayLevel: No blueprints needed recompiling
[2019.11.20-23.49.22:190][292]PIE: New page: PIE session: Level (Nov 20, 2019, 11:49:22 AM)
[2019.11.20-23.49.22:190][292]LogPlayLevel: Creating play world package: /Game/UEDPIE_0_Level
[2019.11.20-23.49.22:192][292]LogPlayLevel: PIE: StaticDuplicateObject took: (0.001987s)
[2019.11.20-23.49.22:193][292]LogAIModule: Creating AISystem for world Level
[2019.11.20-23.49.22:193][292]LogPlayLevel: PIE: World Init took: (0.000626s)
[2019.11.20-23.49.22:193][292]LogPlayLevel: PIE: Created PIE world by copying editor world from /Game/Level.Level to /Game/UEDPIE_0_Level.Level (0.002781s)
[2019.11.20-23.49.22:254][292]LogInit: XAudio2 using 'Headphones +SSE3 (Jib+ Stereo)' : 2 channels at 44.1 kHz using 16 bits per sample (channel mask 0x3)
[2019.11.20-23.49.22:264][292]LogInit: FAudioDevice initialized.
[2019.11.20-23.49.22:274][292]LogSlate: Updating window title bar state: overlay mode, drag disabled, window buttons hidden, title bar hidden
[2019.11.20-23.49.22:397][292]LogLoad: Game class is 'BP_GameMode_C'
[2019.11.20-23.49.22:398][292]LogWorld: Bringing World /Game/UEDPIE_0_Level.Level up for play (max tick rate 60) at 2019.11.20-17.49.22
[2019.11.20-23.49.22:399][292]LogWorld: Bringing up level for play took: 0.000749
[2019.11.20-23.49.22:412][292]LogScript: Warning: Accessed None trying to read property CallFunc_FinishSpawningActor_ReturnValue1
	BP_Spawner_C /Game/UEDPIE_0_Level.Level:PersistentLevel.BP_Spawner_2
	Function /Game/Blueprints/BP_Spawner.BP_Spawner_C:ExecuteUbergraph_BP_Spawner:03BD
[2019.11.20-23.49.22:412][292]PIE: Error: Blueprint Runtime Error: "Accessed None trying to read property CallFunc_FinishSpawningActor_ReturnValue1". Blueprint:  BP_Spawner Function:  Execute Ubergraph BP Spawner Graph:  EventGraph Node:  Set Life Span
[2019.11.20-23.49.22:416][292]PIE: Play in editor start time for /Game/UEDPIE_0_Level 0.082
[2019.11.20-23.49.32:220][869]LogSlate: Updating window title bar state: overlay mode, drag disabled, window buttons hidden, title bar hidden
[2019.11.20-23.49.32:237][869]LogSlate: Window 'SpaceshipGameBP Game Preview Standalone (64-bit/PCD3D_SM5)' being destroyed
[2019.11.20-23.49.32:269][869]LogPlayLevel: Display: Shutting down PIE online subsystems
[2019.11.20-23.49.32:347][870]LogPlayLevel: Display: Destroying online subsystem :Context_11
[2019.11.20-23.49.33:749][947]LogEditorViewport: Clicking on Actor (LMB): StaticMeshActor (Plane)
[2019.11.20-23.49.57:645][379]LogSlate: FSceneViewport::OnFocusLost() reason 0
[2019.11.20-23.50.10:145][129]LogTemp: Repeating last play command: New Editor Window (PIE)
[2019.11.20-23.50.10:161][129]LogPlayLevel: PlayLevel: No blueprints needed recompiling
[2019.11.20-23.50.10:161][129]PIE: New page: PIE session: Level (Nov 20, 2019, 11:50:10 AM)
[2019.11.20-23.50.10:161][129]LogPlayLevel: Creating play world package: /Game/UEDPIE_0_Level
[2019.11.20-23.50.10:162][129]LogPlayLevel: PIE: StaticDuplicateObject took: (0.001650s)
[2019.11.20-23.50.10:163][129]LogAIModule: Creating AISystem for world Level
[2019.11.20-23.50.10:163][129]LogPlayLevel: PIE: World Init took: (0.000911s)
[2019.11.20-23.50.10:163][129]LogPlayLevel: PIE: Created PIE world by copying editor world from /Game/Level.Level to /Game/UEDPIE_0_Level.Level (0.002695s)
[2019.11.20-23.50.10:228][129]LogInit: XAudio2 using 'Headphones +SSE3 (Jib+ Stereo)' : 2 channels at 44.1 kHz using 16 bits per sample (channel mask 0x3)
[2019.11.20-23.50.10:239][129]LogInit: FAudioDevice initialized.
[2019.11.20-23.50.10:251][129]LogSlate: Updating window title bar state: overlay mode, drag disabled, window buttons hidden, title bar hidden
[2019.11.20-23.50.10:385][129]LogLoad: Game class is 'BP_GameMode_C'
[2019.11.20-23.50.10:386][129]LogWorld: Bringing World /Game/UEDPIE_0_Level.Level up for play (max tick rate 60) at 2019.11.20-17.50.10
[2019.11.20-23.50.10:387][129]LogWorld: Bringing up level for play took: 0.000782
[2019.11.20-23.50.10:399][129]LogScript: Warning: Accessed None trying to read property CallFunc_FinishSpawningActor_ReturnValue1
	BP_Spawner_C /Game/UEDPIE_0_Level.Level:PersistentLevel.BP_Spawner_2
	Function /Game/Blueprints/BP_Spawner.BP_Spawner_C:ExecuteUbergraph_BP_Spawner:03BD
[2019.11.20-23.50.10:399][129]PIE: Error: Blueprint Runtime Error: "Accessed None trying to read property CallFunc_FinishSpawningActor_ReturnValue1". Blueprint:  BP_Spawner Function:  Execute Ubergraph BP Spawner Graph:  EventGraph Node:  Set Life Span
[2019.11.20-23.50.10:403][129]PIE: Play in editor start time for /Game/UEDPIE_0_Level 0.069
[2019.11.20-23.50.13:071][287]LogSlate: Updating window title bar state: overlay mode, drag disabled, window buttons hidden, title bar hidden
[2019.11.20-23.50.13:087][287]LogSlate: Window 'SpaceshipGameBP Game Preview Standalone (64-bit/PCD3D_SM5)' being destroyed
[2019.11.20-23.50.13:125][287]LogPlayLevel: Display: Shutting down PIE online subsystems
[2019.11.20-23.50.13:175][288]LogPlayLevel: Display: Destroying online subsystem :Context_12
[2019.11.20-23.50.16:516][488]LogEditorViewport: Clicking on Actor (LMB): StaticMeshActor (Plane)
[2019.11.20-23.50.17:979][574]LogSlate: FSceneViewport::OnFocusLost() reason 0
[2019.11.20-23.50.19:712][678]LogEditorViewport: Clicking on Actor (LMB): PlayerStart (Player Start)
[2019.11.20-23.50.26:194][ 66]LogEditorViewport: Clicking on Actor (LMB): StaticMeshActor (Plane)
[2019.11.20-23.50.27:189][124]Cmd: DELETE
[2019.11.20-23.50.27:189][124]Cmd: ACTOR DELETE
[2019.11.20-23.50.27:200][124]LogEditorActor: Deleted Actor: StaticMeshActor
[2019.11.20-23.50.27:224][124]LogEditorActor: Deleted 1 Actors (0.030 secs)
[2019.11.20-23.50.29:078][236]LogSlate: FSceneViewport::OnFocusLost() reason 0
[2019.11.20-23.52.12:501][384]LogTemp: Repeating last play command: New Editor Window (PIE)
[2019.11.20-23.52.12:519][384]BlueprintLog: New page: Pre-Play auto-recompile
[2019.11.20-23.52.12:527][384]LogPlayLevel: [PlayLevel] Compiling BP_Spaceship before play...
[2019.11.20-23.52.12:659][384]LogPlayLevel: PlayLevel: Blueprint regeneration took 139 ms (1 blueprints)
[2019.11.20-23.52.12:659][384]PIE: New page: PIE session: Level (Nov 20, 2019, 11:52:12 AM)
[2019.11.20-23.52.12:659][384]LogPlayLevel: Creating play world package: /Game/UEDPIE_0_Level
[2019.11.20-23.52.12:661][384]LogPlayLevel: PIE: StaticDuplicateObject took: (0.001544s)
[2019.11.20-23.52.12:661][384]LogAIModule: Creating AISystem for world Level
[2019.11.20-23.52.12:661][384]LogPlayLevel: PIE: World Init took: (0.000653s)
[2019.11.20-23.52.12:662][384]LogPlayLevel: PIE: Created PIE world by copying editor world from /Game/Level.Level to /Game/UEDPIE_0_Level.Level (0.002299s)
[2019.11.20-23.52.12:725][384]LogInit: XAudio2 using 'Headphones +SSE3 (Jib+ Stereo)' : 2 channels at 44.1 kHz using 16 bits per sample (channel mask 0x3)
[2019.11.20-23.52.12:735][384]LogInit: FAudioDevice initialized.
[2019.11.20-23.52.12:745][384]LogSlate: Updating window title bar state: overlay mode, drag disabled, window buttons hidden, title bar hidden
[2019.11.20-23.52.12:867][384]LogLoad: Game class is 'BP_GameMode_C'
[2019.11.20-23.52.12:869][384]LogWorld: Bringing World /Game/UEDPIE_0_Level.Level up for play (max tick rate 60) at 2019.11.20-17.52.12
[2019.11.20-23.52.12:869][384]LogWorld: Bringing up level for play took: 0.000429
[2019.11.20-23.52.12:883][384]LogScript: Warning: Accessed None trying to read property CallFunc_FinishSpawningActor_ReturnValue1
	BP_Spawner_C /Game/UEDPIE_0_Level.Level:PersistentLevel.BP_Spawner_2
	Function /Game/Blueprints/BP_Spawner.BP_Spawner_C:ExecuteUbergraph_BP_Spawner:03BD
[2019.11.20-23.52.12:883][384]PIE: Error: Blueprint Runtime Error: "Accessed None trying to read property CallFunc_FinishSpawningActor_ReturnValue1". Blueprint:  BP_Spawner Function:  Execute Ubergraph BP Spawner Graph:  EventGraph Node:  Set Life Span
[2019.11.20-23.52.12:885][384]PIE: Play in editor start time for /Game/UEDPIE_0_Level 0.551
[2019.11.20-23.52.15:088][510]LogSlate: Updating window title bar state: overlay mode, drag disabled, window buttons hidden, title bar hidden
[2019.11.20-23.52.15:104][510]LogSlate: Window 'SpaceshipGameBP Game Preview Standalone (64-bit/PCD3D_SM5)' being destroyed
[2019.11.20-23.52.15:140][510]LogPlayLevel: Display: Shutting down PIE online subsystems
[2019.11.20-23.52.15:195][511]LogPlayLevel: Display: Destroying online subsystem :Context_13
[2019.11.20-23.52.16:804][607]LogEditorTransaction: Undo Break Pin Links
[2019.11.20-23.54.02:586][914]LogEditorTransaction: Undo Create Pin Link
[2019.11.20-23.54.09:816][345]LogTemp: Repeating last play command: New Editor Window (PIE)
[2019.11.20-23.54.09:836][345]BlueprintLog: New page: Pre-Play auto-recompile
[2019.11.20-23.54.09:845][345]LogPlayLevel: [PlayLevel] Compiling BP_Spaceship before play...
[2019.11.20-23.54.09:982][345]LogPlayLevel: PlayLevel: Blueprint regeneration took 145 ms (1 blueprints)
[2019.11.20-23.54.09:982][345]PIE: New page: PIE session: Level (Nov 20, 2019, 11:54:09 AM)
[2019.11.20-23.54.09:982][345]LogPlayLevel: Creating play world package: /Game/UEDPIE_0_Level
[2019.11.20-23.54.09:983][345]LogPlayLevel: PIE: StaticDuplicateObject took: (0.001514s)
[2019.11.20-23.54.09:984][345]LogAIModule: Creating AISystem for world Level
[2019.11.20-23.54.09:984][345]LogPlayLevel: PIE: World Init took: (0.000749s)
[2019.11.20-23.54.09:984][345]LogPlayLevel: PIE: Created PIE world by copying editor world from /Game/Level.Level to /Game/UEDPIE_0_Level.Level (0.002448s)
[2019.11.20-23.54.10:046][345]LogInit: XAudio2 using 'Headphones +SSE3 (Jib+ Stereo)' : 2 channels at 44.1 kHz using 16 bits per sample (channel mask 0x3)
[2019.11.20-23.54.10:057][345]LogInit: FAudioDevice initialized.
[2019.11.20-23.54.10:069][345]LogSlate: Updating window title bar state: overlay mode, drag disabled, window buttons hidden, title bar hidden
[2019.11.20-23.54.10:203][345]LogLoad: Game class is 'BP_GameMode_C'
[2019.11.20-23.54.10:204][345]LogWorld: Bringing World /Game/UEDPIE_0_Level.Level up for play (max tick rate 60) at 2019.11.20-17.54.10
[2019.11.20-23.54.10:204][345]LogWorld: Bringing up level for play took: 0.000428
[2019.11.20-23.54.10:217][345]LogScript: Warning: Accessed None trying to read property CallFunc_FinishSpawningActor_ReturnValue1
	BP_Spawner_C /Game/UEDPIE_0_Level.Level:PersistentLevel.BP_Spawner_2
	Function /Game/Blueprints/BP_Spawner.BP_Spawner_C:ExecuteUbergraph_BP_Spawner:03BD
[2019.11.20-23.54.10:217][345]PIE: Error: Blueprint Runtime Error: "Accessed None trying to read property CallFunc_FinishSpawningActor_ReturnValue1". Blueprint:  BP_Spawner Function:  Execute Ubergraph BP Spawner Graph:  EventGraph Node:  Set Life Span
[2019.11.20-23.54.10:219][345]PIE: Play in editor start time for /Game/UEDPIE_0_Level -0.114
[2019.11.20-23.54.15:793][671]LogSlate: Updating window title bar state: overlay mode, drag disabled, window buttons hidden, title bar hidden
[2019.11.20-23.54.15:808][671]LogSlate: Window 'SpaceshipGameBP Game Preview Standalone (64-bit/PCD3D_SM5)' being destroyed
[2019.11.20-23.54.15:848][671]LogPlayLevel: Display: Shutting down PIE online subsystems
[2019.11.20-23.54.15:904][672]LogPlayLevel: Display: Destroying online subsystem :Context_14
[2019.11.20-23.54.16:799][725]LogTemp: Repeating last play command: New Editor Window (PIE)
[2019.11.20-23.54.16:816][725]LogPlayLevel: PlayLevel: No blueprints needed recompiling
[2019.11.20-23.54.16:816][725]PIE: New page: PIE session: Level (Nov 20, 2019, 11:54:16 AM)
[2019.11.20-23.54.16:817][725]LogPlayLevel: Creating play world package: /Game/UEDPIE_0_Level
[2019.11.20-23.54.16:818][725]LogPlayLevel: PIE: StaticDuplicateObject took: (0.001647s)
[2019.11.20-23.54.16:818][725]LogAIModule: Creating AISystem for world Level
[2019.11.20-23.54.16:818][725]LogPlayLevel: PIE: World Init took: (0.000644s)
[2019.11.20-23.54.16:818][725]LogPlayLevel: PIE: Created PIE world by copying editor world from /Game/Level.Level to /Game/UEDPIE_0_Level.Level (0.002411s)
[2019.11.20-23.54.16:881][725]LogInit: XAudio2 using 'Headphones +SSE3 (Jib+ Stereo)' : 2 channels at 44.1 kHz using 16 bits per sample (channel mask 0x3)
[2019.11.20-23.54.16:891][725]LogInit: FAudioDevice initialized.
[2019.11.20-23.54.16:902][725]LogSlate: Updating window title bar state: overlay mode, drag disabled, window buttons hidden, title bar hidden
[2019.11.20-23.54.17:008][725]LogLoad: Game class is 'BP_GameMode_C'
[2019.11.20-23.54.17:009][725]LogWorld: Bringing World /Game/UEDPIE_0_Level.Level up for play (max tick rate 60) at 2019.11.20-17.54.17
[2019.11.20-23.54.17:010][725]LogWorld: Bringing up level for play took: 0.000454
[2019.11.20-23.54.17:022][725]LogScript: Warning: Accessed None trying to read property CallFunc_FinishSpawningActor_ReturnValue1
	BP_Spawner_C /Game/UEDPIE_0_Level.Level:PersistentLevel.BP_Spawner_2
	Function /Game/Blueprints/BP_Spawner.BP_Spawner_C:ExecuteUbergraph_BP_Spawner:03BD
[2019.11.20-23.54.17:022][725]PIE: Error: Blueprint Runtime Error: "Accessed None trying to read property CallFunc_FinishSpawningActor_ReturnValue1". Blueprint:  BP_Spawner Function:  Execute Ubergraph BP Spawner Graph:  EventGraph Node:  Set Life Span
[2019.11.20-23.54.17:026][725]PIE: Play in editor start time for /Game/UEDPIE_0_Level 0.692
[2019.11.20-23.54.22:461][ 45]LogSlate: Updating window title bar state: overlay mode, drag disabled, window buttons hidden, title bar hidden
[2019.11.20-23.54.22:478][ 45]LogSlate: Window 'SpaceshipGameBP Game Preview Standalone (64-bit/PCD3D_SM5)' being destroyed
[2019.11.20-23.54.22:517][ 45]LogPlayLevel: Display: Shutting down PIE online subsystems
[2019.11.20-23.54.22:575][ 46]LogPlayLevel: Display: Destroying online subsystem :Context_15
[2019.11.20-23.54.25:850][242]LogTemp: Repeating last play command: New Editor Window (PIE)
[2019.11.20-23.54.25:869][242]LogPlayLevel: PlayLevel: No blueprints needed recompiling
[2019.11.20-23.54.25:869][242]PIE: New page: PIE session: Level (Nov 20, 2019, 11:54:25 AM)
[2019.11.20-23.54.25:869][242]LogPlayLevel: Creating play world package: /Game/UEDPIE_0_Level
[2019.11.20-23.54.25:871][242]LogPlayLevel: PIE: StaticDuplicateObject took: (0.002233s)
[2019.11.20-23.54.25:872][242]LogAIModule: Creating AISystem for world Level
[2019.11.20-23.54.25:873][242]LogPlayLevel: PIE: World Init took: (0.001245s)
[2019.11.20-23.54.25:873][242]LogPlayLevel: PIE: Created PIE world by copying editor world from /Game/Level.Level to /Game/UEDPIE_0_Level.Level (0.003670s)
[2019.11.20-23.54.25:940][242]LogInit: XAudio2 using 'Headphones +SSE3 (Jib+ Stereo)' : 2 channels at 44.1 kHz using 16 bits per sample (channel mask 0x3)
[2019.11.20-23.54.25:950][242]LogInit: FAudioDevice initialized.
[2019.11.20-23.54.25:960][242]LogSlate: Updating window title bar state: overlay mode, drag disabled, window buttons hidden, title bar hidden
[2019.11.20-23.54.26:093][242]LogLoad: Game class is 'BP_GameMode_C'
[2019.11.20-23.54.26:095][242]LogWorld: Bringing World /Game/UEDPIE_0_Level.Level up for play (max tick rate 60) at 2019.11.20-17.54.26
[2019.11.20-23.54.26:095][242]LogWorld: Bringing up level for play took: 0.000574
[2019.11.20-23.54.26:108][242]LogScript: Warning: Accessed None trying to read property CallFunc_FinishSpawningActor_ReturnValue1
	BP_Spawner_C /Game/UEDPIE_0_Level.Level:PersistentLevel.BP_Spawner_2
	Function /Game/Blueprints/BP_Spawner.BP_Spawner_C:ExecuteUbergraph_BP_Spawner:03BD
[2019.11.20-23.54.26:108][242]PIE: Error: Blueprint Runtime Error: "Accessed None trying to read property CallFunc_FinishSpawningActor_ReturnValue1". Blueprint:  BP_Spawner Function:  Execute Ubergraph BP Spawner Graph:  EventGraph Node:  Set Life Span
[2019.11.20-23.54.26:111][242]PIE: Play in editor start time for /Game/UEDPIE_0_Level -0.223
[2019.11.20-23.54.26:732][273]LogSlate: Updating window title bar state: overlay mode, drag disabled, window buttons hidden, title bar hidden
[2019.11.20-23.54.26:750][273]LogSlate: Window 'SpaceshipGameBP Game Preview Standalone (64-bit/PCD3D_SM5)' being destroyed
[2019.11.20-23.54.26:785][273]LogPlayLevel: Display: Shutting down PIE online subsystems
[2019.11.20-23.54.26:841][274]LogPlayLevel: Display: Destroying online subsystem :Context_16
[2019.11.20-23.55.34:300][268]LogTemp: Repeating last play command: New Editor Window (PIE)
[2019.11.20-23.55.34:319][268]BlueprintLog: New page: Pre-Play auto-recompile
[2019.11.20-23.55.34:329][268]LogPlayLevel: [PlayLevel] Compiling BP_Spaceship before play...
[2019.11.20-23.55.34:471][268]LogPlayLevel: PlayLevel: Blueprint regeneration took 151 ms (1 blueprints)
[2019.11.20-23.55.34:471][268]PIE: New page: PIE session: Level (Nov 20, 2019, 11:55:34 AM)
[2019.11.20-23.55.34:471][268]LogPlayLevel: Creating play world package: /Game/UEDPIE_0_Level
[2019.11.20-23.55.34:472][268]LogPlayLevel: PIE: StaticDuplicateObject took: (0.001486s)
[2019.11.20-23.55.34:473][268]LogAIModule: Creating AISystem for world Level
[2019.11.20-23.55.34:473][268]LogPlayLevel: PIE: World Init took: (0.000546s)
[2019.11.20-23.55.34:473][268]LogPlayLevel: PIE: Created PIE world by copying editor world from /Game/Level.Level to /Game/UEDPIE_0_Level.Level (0.002131s)
[2019.11.20-23.55.34:533][268]LogInit: XAudio2 using 'Headphones +SSE3 (Jib+ Stereo)' : 2 channels at 44.1 kHz using 16 bits per sample (channel mask 0x3)
[2019.11.20-23.55.34:544][268]LogInit: FAudioDevice initialized.
[2019.11.20-23.55.34:555][268]LogSlate: Updating window title bar state: overlay mode, drag disabled, window buttons hidden, title bar hidden
[2019.11.20-23.55.34:677][268]LogLoad: Game class is 'BP_GameMode_C'
[2019.11.20-23.55.34:678][268]LogWorld: Bringing World /Game/UEDPIE_0_Level.Level up for play (max tick rate 60) at 2019.11.20-17.55.34
[2019.11.20-23.55.34:678][268]LogWorld: Bringing up level for play took: 0.000429
[2019.11.20-23.55.34:691][268]LogScript: Warning: Accessed None trying to read property CallFunc_FinishSpawningActor_ReturnValue1
	BP_Spawner_C /Game/UEDPIE_0_Level.Level:PersistentLevel.BP_Spawner_2
	Function /Game/Blueprints/BP_Spawner.BP_Spawner_C:ExecuteUbergraph_BP_Spawner:03BD
[2019.11.20-23.55.34:692][268]PIE: Error: Blueprint Runtime Error: "Accessed None trying to read property CallFunc_FinishSpawningActor_ReturnValue1". Blueprint:  BP_Spawner Function:  Execute Ubergraph BP Spawner Graph:  EventGraph Node:  Set Life Span
[2019.11.20-23.55.34:694][268]PIE: Play in editor start time for /Game/UEDPIE_0_Level 0.36
[2019.11.20-23.55.37:117][407]LogSlate: Updating window title bar state: overlay mode, drag disabled, window buttons hidden, title bar hidden
[2019.11.20-23.55.37:133][407]LogSlate: Window 'SpaceshipGameBP Game Preview Standalone (64-bit/PCD3D_SM5)' being destroyed
[2019.11.20-23.55.37:173][407]LogPlayLevel: Display: Shutting down PIE online subsystems
[2019.11.20-23.55.37:222][408]LogPlayLevel: Display: Destroying online subsystem :Context_17
[2019.11.20-23.55.53:232][368]LogSlate: FSceneViewport::OnFocusLost() reason 0
[2019.11.20-23.56.05:620][ 98]LogEditorTransaction: Undo Make New Scene Root
[2019.11.20-23.56.31:457][639]BlueprintLog: New page: Compile BP_Spaceship
[2019.11.20-23.57.05:234][289]Cmd: OBJ SAVEPACKAGE PACKAGE="/Game/Level" FILE="../../../../UnrealProjects/SpaceshipGameBP/SpaceshipGameBP/Saved/Autosaves/Game/Level_Auto1.umap" SILENT=true AUTOSAVING=true KEEPDIRTY=false
[2019.11.20-23.57.05:273][289]LogSavePackage: Moving '../../../../UnrealProjects/SpaceshipGameBP/SpaceshipGameBP/Saved/Level_Auto113173AF245B8E6ED8037998C064A0C67.tmp' to '../../../../UnrealProjects/SpaceshipGameBP/SpaceshipGameBP/Saved/Autosaves/Game/Level_Auto1.umap'
[2019.11.20-23.57.05:276][289]LogFileHelpers: Editor autosave (incl. sublevels) for '/Game/Level' took 0.070
[2019.11.20-23.57.05:276][289]LogFileHelpers: Editor autosave (incl. sublevels) for all levels took 0.070
[2019.11.20-23.57.05:279][289]OBJ SavePackage: Generating thumbnails for [1] asset(s) in package [/Game/Blueprints/BP_Spaceship] ([1] browsable assets)...
[2019.11.20-23.57.05:315][289]OBJ SavePackage:     Rendered thumbnail for [Blueprint /Game/Blueprints/BP_Spaceship.BP_Spaceship]
[2019.11.20-23.57.05:316][289]OBJ SavePackage: Finished generating thumbnails for package [/Game/Blueprints/BP_Spaceship]
[2019.11.20-23.57.05:378][289]LogSavePackage: Moving '../../../../UnrealProjects/SpaceshipGameBP/SpaceshipGameBP/Saved/BP_Spaceship_Auto17E1D2398496568C7DE7485915D04581A.tmp' to '../../../../UnrealProjects/SpaceshipGameBP/SpaceshipGameBP/Saved/Autosaves/Game/Blueprints/BP_Spaceship_Auto1.uasset'
[2019.11.20-23.57.05:379][289]LogFileHelpers: Auto-saving content packages took 0.101
[2019.11.20-23.58.22:534][432]LogEditorTransaction: Undo Modify Component(s)
[2019.11.20-23.58.23:398][483]LogSlate: FSceneViewport::OnFocusLost() reason 0
[2019.11.20-23.58.37:307][316]BlueprintLog: New page: Compile BP_Spaceship
[2019.11.20-23.58.38:406][368]LogTemp: Repeating last play command: New Editor Window (PIE)
[2019.11.20-23.58.38:424][368]LogPlayLevel: PlayLevel: No blueprints needed recompiling
[2019.11.20-23.58.38:424][368]PIE: New page: PIE session: Level (Nov 20, 2019, 11:58:38 AM)
[2019.11.20-23.58.38:424][368]LogPlayLevel: Creating play world package: /Game/UEDPIE_0_Level
[2019.11.20-23.58.38:426][368]LogPlayLevel: PIE: StaticDuplicateObject took: (0.001672s)
[2019.11.20-23.58.38:426][368]LogAIModule: Creating AISystem for world Level
[2019.11.20-23.58.38:427][368]LogPlayLevel: PIE: World Init took: (0.000940s)
[2019.11.20-23.58.38:427][368]LogPlayLevel: PIE: Created PIE world by copying editor world from /Game/Level.Level to /Game/UEDPIE_0_Level.Level (0.002715s)
[2019.11.20-23.58.38:491][368]LogInit: XAudio2 using 'Headphones +SSE3 (Jib+ Stereo)' : 2 channels at 44.1 kHz using 16 bits per sample (channel mask 0x3)
[2019.11.20-23.58.38:502][368]LogInit: FAudioDevice initialized.
[2019.11.20-23.58.38:512][368]LogSlate: Updating window title bar state: overlay mode, drag disabled, window buttons hidden, title bar hidden
[2019.11.20-23.58.38:640][368]LogLoad: Game class is 'BP_GameMode_C'
[2019.11.20-23.58.38:642][368]LogWorld: Bringing World /Game/UEDPIE_0_Level.Level up for play (max tick rate 60) at 2019.11.20-17.58.38
[2019.11.20-23.58.38:642][368]LogWorld: Bringing up level for play took: 0.000463
[2019.11.20-23.58.38:656][368]LogScript: Warning: Accessed None trying to read property CallFunc_FinishSpawningActor_ReturnValue1
	BP_Spawner_C /Game/UEDPIE_0_Level.Level:PersistentLevel.BP_Spawner_2
	Function /Game/Blueprints/BP_Spawner.BP_Spawner_C:ExecuteUbergraph_BP_Spawner:03BD
[2019.11.20-23.58.38:656][368]PIE: Error: Blueprint Runtime Error: "Accessed None trying to read property CallFunc_FinishSpawningActor_ReturnValue1". Blueprint:  BP_Spawner Function:  Execute Ubergraph BP Spawner Graph:  EventGraph Node:  Set Life Span
[2019.11.20-23.58.38:659][368]PIE: Play in editor start time for /Game/UEDPIE_0_Level 0.325
[2019.11.20-23.58.42:376][589]LogSlate: Updating window title bar state: overlay mode, drag disabled, window buttons hidden, title bar hidden
[2019.11.20-23.58.42:392][589]LogSlate: Window 'SpaceshipGameBP Game Preview Standalone (64-bit/PCD3D_SM5)' being destroyed
[2019.11.20-23.58.42:430][589]LogPlayLevel: Display: Shutting down PIE online subsystems
[2019.11.20-23.58.42:490][590]LogPlayLevel: Display: Destroying online subsystem :Context_18
[2019.11.20-23.59.57:559][ 92]BlueprintLog: New page: Compile BP_Spaceship
[2019.11.20-23.59.58:124][112]Cmd: OBJ SAVEPACKAGE PACKAGE="/Game/Blueprints/BP_Spaceship" FILE="../../../../UnrealProjects/SpaceshipGameBP/SpaceshipGameBP/Content/Blueprints/BP_Spaceship.uasset" SILENT=true
[2019.11.20-23.59.58:173][112]LogSavePackage: Moving '../../../../UnrealProjects/SpaceshipGameBP/SpaceshipGameBP/Saved/BP_Spaceship242483134B1FC1C6A010AFB3A7A1026B.tmp' to '../../../../UnrealProjects/SpaceshipGameBP/SpaceshipGameBP/Content/Blueprints/BP_Spaceship.uasset'
[2019.11.20-23.59.58:657][140]LogTemp: Repeating last play command: New Editor Window (PIE)
[2019.11.20-23.59.58:676][140]LogPlayLevel: PlayLevel: No blueprints needed recompiling
[2019.11.20-23.59.58:676][140]PIE: New page: PIE session: Level (Nov 20, 2019, 11:59:58 AM)
[2019.11.20-23.59.58:676][140]LogPlayLevel: Creating play world package: /Game/UEDPIE_0_Level
[2019.11.20-23.59.58:678][140]LogPlayLevel: PIE: StaticDuplicateObject took: (0.002112s)
[2019.11.20-23.59.58:679][140]LogAIModule: Creating AISystem for world Level
[2019.11.20-23.59.58:679][140]LogPlayLevel: PIE: World Init took: (0.000757s)
[2019.11.20-23.59.58:679][140]LogPlayLevel: PIE: Created PIE world by copying editor world from /Game/Level.Level to /Game/UEDPIE_0_Level.Level (0.002979s)
[2019.11.20-23.59.58:740][140]LogInit: XAudio2 using 'Headphones +SSE3 (Jib+ Stereo)' : 2 channels at 44.1 kHz using 16 bits per sample (channel mask 0x3)
[2019.11.20-23.59.58:752][140]LogInit: FAudioDevice initialized.
[2019.11.20-23.59.58:768][140]LogSlate: Updating window title bar state: overlay mode, drag disabled, window buttons hidden, title bar hidden
[2019.11.20-23.59.58:895][140]LogLoad: Game class is 'BP_GameMode_C'
[2019.11.20-23.59.58:897][140]LogWorld: Bringing World /Game/UEDPIE_0_Level.Level up for play (max tick rate 60) at 2019.11.20-17.59.58
[2019.11.20-23.59.58:897][140]LogWorld: Bringing up level for play took: 0.000485
[2019.11.20-23.59.58:910][140]LogScript: Warning: Accessed None trying to read property CallFunc_FinishSpawningActor_ReturnValue1
	BP_Spawner_C /Game/UEDPIE_0_Level.Level:PersistentLevel.BP_Spawner_2
	Function /Game/Blueprints/BP_Spawner.BP_Spawner_C:ExecuteUbergraph_BP_Spawner:03BD
[2019.11.20-23.59.58:911][140]PIE: Error: Blueprint Runtime Error: "Accessed None trying to read property CallFunc_FinishSpawningActor_ReturnValue1". Blueprint:  BP_Spawner Function:  Execute Ubergraph BP Spawner Graph:  EventGraph Node:  Set Life Span
[2019.11.20-23.59.58:914][140]PIE: Play in editor start time for /Game/UEDPIE_0_Level 0.58
[2019.11.21-00.00.03:475][406]LogSlate: Updating window title bar state: overlay mode, drag disabled, window buttons hidden, title bar hidden
[2019.11.21-00.00.03:493][406]LogSlate: Window 'SpaceshipGameBP Game Preview Standalone (64-bit/PCD3D_SM5)' being destroyed
[2019.11.21-00.00.03:529][406]LogPlayLevel: Display: Shutting down PIE online subsystems
[2019.11.21-00.00.03:583][407]LogPlayLevel: Display: Destroying online subsystem :Context_19
[2019.11.21-00.00.09:368][753]LogSlate: FSceneViewport::OnFocusLost() reason 0
[2019.11.21-00.00.09:467][759]LogTemp: Repeating last play command: New Editor Window (PIE)
[2019.11.21-00.00.09:487][759]BlueprintLog: New page: Pre-Play auto-recompile
[2019.11.21-00.00.09:497][759]LogPlayLevel: [PlayLevel] Compiling BP_Spaceship before play...
[2019.11.21-00.00.09:632][759]LogPlayLevel: PlayLevel: Blueprint regeneration took 144 ms (1 blueprints)
[2019.11.21-00.00.09:632][759]PIE: New page: PIE session: Level (Nov 20, 2019, 12:00:09 PM)
[2019.11.21-00.00.09:632][759]LogPlayLevel: Creating play world package: /Game/UEDPIE_0_Level
[2019.11.21-00.00.09:634][759]LogPlayLevel: PIE: StaticDuplicateObject took: (0.001691s)
[2019.11.21-00.00.09:634][759]LogAIModule: Creating AISystem for world Level
[2019.11.21-00.00.09:634][759]LogPlayLevel: PIE: World Init took: (0.000556s)
[2019.11.21-00.00.09:634][759]LogPlayLevel: PIE: Created PIE world by copying editor world from /Game/Level.Level to /Game/UEDPIE_0_Level.Level (0.002348s)
[2019.11.21-00.00.09:694][759]LogInit: XAudio2 using 'Headphones +SSE3 (Jib+ Stereo)' : 2 channels at 44.1 kHz using 16 bits per sample (channel mask 0x3)
[2019.11.21-00.00.09:705][759]LogInit: FAudioDevice initialized.
[2019.11.21-00.00.09:716][759]LogSlate: Updating window title bar state: overlay mode, drag disabled, window buttons hidden, title bar hidden
[2019.11.21-00.00.09:837][759]LogLoad: Game class is 'BP_GameMode_C'
[2019.11.21-00.00.09:839][759]LogWorld: Bringing World /Game/UEDPIE_0_Level.Level up for play (max tick rate 60) at 2019.11.20-18.00.09
[2019.11.21-00.00.09:839][759]LogWorld: Bringing up level for play took: 0.000479
[2019.11.21-00.00.09:851][759]LogScript: Warning: Accessed None trying to read property CallFunc_FinishSpawningActor_ReturnValue1
	BP_Spawner_C /Game/UEDPIE_0_Level.Level:PersistentLevel.BP_Spawner_2
	Function /Game/Blueprints/BP_Spawner.BP_Spawner_C:ExecuteUbergraph_BP_Spawner:03BD
[2019.11.21-00.00.09:851][759]PIE: Error: Blueprint Runtime Error: "Accessed None trying to read property CallFunc_FinishSpawningActor_ReturnValue1". Blueprint:  BP_Spawner Function:  Execute Ubergraph BP Spawner Graph:  EventGraph Node:  Set Life Span
[2019.11.21-00.00.09:854][759]PIE: Play in editor start time for /Game/UEDPIE_0_Level -0.48
[2019.11.21-00.00.15:019][ 62]LogSlate: Updating window title bar state: overlay mode, drag disabled, window buttons hidden, title bar hidden
[2019.11.21-00.00.15:036][ 62]LogSlate: Window 'SpaceshipGameBP Game Preview Standalone (64-bit/PCD3D_SM5)' being destroyed
[2019.11.21-00.00.15:073][ 62]LogPlayLevel: Display: Shutting down PIE online subsystems
[2019.11.21-00.00.15:124][ 63]LogPlayLevel: Display: Destroying online subsystem :Context_20
[2019.11.21-00.00.15:272][ 69]LogD3D11RHI: Error: Result failed 
 at D:\Build\++UE4\Sync\Engine\Source\Runtime\Windows\D3D11RHI\Private\D3D11Viewport.cpp:304 
 with error E_INVALIDARG
[2019.11.21-00.00.15:272][ 69]LogWindows: Windows GetLastError: The operation completed successfully. (0)
[2019.11.21-00.00.18:612][ 69]LogWindows: Windows GetLastError: The operation completed successfully. (0)
[2019.11.21-00.00.18:614][ 69]LogWindows: Error: === Critical error: ===
[2019.11.21-00.00.18:614][ 69]LogWindows: Error: 
[2019.11.21-00.00.18:614][ 69]LogWindows: Error: Fatal error: [File:D:\Build\++UE4\Sync\Engine\Source\Runtime\RenderCore\Private\RenderingThread.cpp] [Line: 826] 
[2019.11.21-00.00.18:614][ 69]LogWindows: Error: Rendering thread exception:
[2019.11.21-00.00.18:614][ 69]LogWindows: Error: Fatal error: [File:D:\Build\++UE4\Sync\Engine\Source\Runtime\Windows\D3D11RHI\Private\D3D11Util.cpp] [Line: 251] 
[2019.11.21-00.00.18:615][ 69]LogWindows: Error: Result failed 
[2019.11.21-00.00.18:615][ 69]LogWindows: Error:  at D:\Build\++UE4\Sync\Engine\Source\Runtime\Windows\D3D11RHI\Private\D3D11Viewport.cpp:304 
[2019.11.21-00.00.18:615][ 69]LogWindows: Error:  with error E_INVALIDARG
[2019.11.21-00.00.18:615][ 69]LogWindows: Error: 
[2019.11.21-00.00.18:615][ 69]LogWindows: Error: 
[2019.11.21-00.00.18:615][ 69]LogWindows: Error: [Callstack] 0x00007ffdeceda839 KERNELBASE.dll!UnknownFunction []
[2019.11.21-00.00.18:615][ 69]LogWindows: Error: [Callstack] 0x00007ffdc0386850 UE4Editor-ApplicationCore.dll!UnknownFunction []
[2019.11.21-00.00.18:615][ 69]LogWindows: Error: [Callstack] 0x00007ffd98eb62fc UE4Editor-Core.dll!UnknownFunction []
[2019.11.21-00.00.18:615][ 69]LogWindows: Error: [Callstack] 0x00007ffd98e451db UE4Editor-Core.dll!UnknownFunction []
[2019.11.21-00.00.18:615][ 69]LogWindows: Error: [Callstack] 0x00007ffd891de896 UE4Editor-D3D11RHI.dll!UnknownFunction []
[2019.11.21-00.00.18:615][ 69]LogWindows: Error: [Callstack] 0x00007ffd891bd0aa UE4Editor-D3D11RHI.dll!UnknownFunction []
[2019.11.21-00.00.18:615][ 69]LogWindows: Error: [Callstack] 0x00007ffd891cab70 UE4Editor-D3D11RHI.dll!UnknownFunction []
[2019.11.21-00.00.18:615][ 69]LogWindows: Error: [Callstack] 0x00007ffdb328b106 UE4Editor-RHI.dll!UnknownFunction []
[2019.11.21-00.00.18:615][ 69]LogWindows: Error: [Callstack] 0x00007ffd80701b42 UE4Editor-SlateRHIRenderer.dll!UnknownFunction []
[2019.11.21-00.00.18:615][ 69]LogWindows: Error: [Callstack] 0x00007ffd80707d0a UE4Editor-SlateRHIRenderer.dll!UnknownFunction []
[2019.11.21-00.00.18:615][ 69]LogWindows: Error: [Callstack] 0x00007ffd98cd1f92 UE4Editor-Core.dll!UnknownFunction []
[2019.11.21-00.00.18:615][ 69]LogWindows: Error: [Callstack] 0x00007ffd98cd2456 UE4Editor-Core.dll!UnknownFunction []
[2019.11.21-00.00.18:615][ 69]LogWindows: Error: [Callstack] 0x00007ffdc45a75f9 UE4Editor-RenderCore.dll!UnknownFunction []
[2019.11.21-00.00.18:615][ 69]LogWindows: Error: [Callstack] 0x00007ffdc45a8574 UE4Editor-RenderCore.dll!UnknownFunction []
[2019.11.21-00.00.18:615][ 69]LogWindows: Error: [Callstack] 0x00007ffd99116b7c UE4Editor-Core.dll!UnknownFunction []
[2019.11.21-00.00.18:615][ 69]LogWindows: Error: [Callstack] 0x00007ffd991117c7 UE4Editor-Core.dll!UnknownFunction []
[2019.11.21-00.00.18:615][ 69]LogWindows: Error: [Callstack] 0x00007ffdedaf7bd4 KERNEL32.DLL!UnknownFunction []
[2019.11.21-00.00.18:615][ 69]LogWindows: Error: [Callstack] 0x00007ffdef32ced1 ntdll.dll!UnknownFunction []
[2019.11.21-00.00.18:615][ 69]LogWindows: Error: 
[2019.11.21-00.00.18:615][ 69]LogWindows: Error: 
[2019.11.21-00.00.18:615][ 69]LogWindows: Error: 
[2019.11.21-00.00.18:615][ 69]LogWindows: Error: 
[2019.11.21-00.00.18:624][ 69]LogExit: Executing StaticShutdownAfterError
[2019.11.21-00.00.18:627][ 69]LogWindows: FPlatformMisc::RequestExit(1)
[2019.11.21-00.00.18:639][ 69]Log file closed, 11/20/19 18:00:18
