Log file open, 11/08/19 22:31:44
LogWindows: Failed to load 'aqProf.dll' (GetLastError=126)
LogWindows: File 'aqProf.dll' does not exist
LogWindows: Failed to load 'VSPerf140.dll' (GetLastError=126)
LogWindows: File 'VSPerf140.dll' does not exist
LogWindows: Failed to load 'VtuneApi.dll' (GetLastError=126)
LogWindows: File 'VtuneApi.dll' does not exist
LogWindows: Failed to load 'VtuneApi32e.dll' (GetLastError=126)
LogWindows: File 'VtuneApi32e.dll' does not exist
LogInit: Display: Running engine for game: SpaceshipGameBP
LogPlatformFile: Not using cached read wrapper
LogTaskGraph: Started task graph with 5 named threads and 35 total threads with 3 sets of task threads.
LogStats: Stats thread started at 0.973459
LogD3D11RHI: Loaded GFSDK_Aftermath_Lib.x64.dll
LogICUInternationalization: Display: ICU TimeZone Detection - Raw Offset: -6:00, Platform Override: ''
LogPluginManager: Mounting plugin Paper2D
LogPluginManager: Mounting plugin AISupport
LogPluginManager: Mounting plugin LightPropagationVolume
LogPluginManager: Mounting plugin CLionSourceCodeAccess
LogPluginManager: Mounting plugin CodeLiteSourceCodeAccess
LogPluginManager: Mounting plugin GitSourceControl
LogPluginManager: Mounting plugin KDevelopSourceCodeAccess
LogPluginManager: Mounting plugin NullSourceCodeAccess
LogPluginManager: Mounting plugin PerforceSourceControl
LogPluginManager: Mounting plugin SubversionSourceControl
LogPluginManager: Mounting plugin UObjectPlugin
LogPluginManager: Mounting plugin VisualStudioCodeSourceCodeAccess
LogPluginManager: Mounting plugin VisualStudioSourceCodeAccess
LogPluginManager: Mounting plugin XCodeSourceCodeAccess
LogPluginManager: Mounting plugin AssetManagerEditor
LogPluginManager: Mounting plugin CryptoKeys
LogPluginManager: Mounting plugin DataValidation
LogPluginManager: Mounting plugin FacialAnimation
LogPluginManager: Mounting plugin GameplayTagsEditor
LogPluginManager: Mounting plugin MacGraphicsSwitching
LogPluginManager: Mounting plugin MeshEditor
LogPluginManager: Mounting plugin MobileLauncherProfileWizard
LogPluginManager: Mounting plugin PluginBrowser
LogPluginManager: Mounting plugin SpeedTreeImporter
LogPluginManager: Mounting plugin DatasmithContent
LogPluginManager: Mounting plugin AlembicImporter
LogPluginManager: Mounting plugin AppleImageUtils
LogPluginManager: Mounting plugin AppleVision
LogPluginManager: Mounting plugin BackChannel
LogPluginManager: Mounting plugin CharacterAI
LogPluginManager: Mounting plugin GeometryCache
LogPluginManager: Mounting plugin HTML5Networking
LogPluginManager: Mounting plugin ProxyLODPlugin
LogPluginManager: Mounting plugin MagicLeap
LogPluginManager: Mounting plugin MagicLeapEmulator
LogPluginManager: Mounting plugin MagicLeapMedia
LogPluginManager: Mounting plugin AndroidMedia
LogPluginManager: Mounting plugin AvfMedia
LogPluginManager: Mounting plugin ImgMedia
LogPluginManager: Mounting plugin LinearTimecode
LogPluginManager: Mounting plugin MediaCompositing
LogPluginManager: Mounting plugin MediaPlayerEditor
LogPluginManager: Mounting plugin WmfMedia
LogPluginManager: Mounting plugin TcpMessaging
LogPluginManager: Mounting plugin UdpMessaging
LogPluginManager: Mounting plugin ActorSequence
LogPluginManager: Mounting plugin LevelSequenceEditor
LogPluginManager: Mounting plugin MatineeToLevelSequence
LogPluginManager: Mounting plugin NetcodeUnitTest
LogPluginManager: Mounting plugin NUTUnrealEngine4
LogPluginManager: Mounting plugin OnlineSubsystemGooglePlay
LogPluginManager: Mounting plugin OnlineSubsystemIOS
LogPluginManager: Mounting plugin OnlineSubsystem
LogPluginManager: Mounting plugin OnlineSubsystemNull
LogPluginManager: Mounting plugin OnlineSubsystemUtils
LogPluginManager: Mounting plugin LauncherChunkInstaller
LogPluginManager: Mounting plugin AndroidDeviceProfileSelector
LogPluginManager: Mounting plugin AndroidMoviePlayer
LogPluginManager: Mounting plugin AndroidPermission
LogPluginManager: Mounting plugin AppleMoviePlayer
LogPluginManager: Mounting plugin ArchVisCharacter
LogPluginManager: Mounting plugin AudioCapture
LogPluginManager: Mounting plugin CableComponent
LogPluginManager: Mounting plugin CustomMeshComponent
LogPluginManager: Mounting plugin EditableMesh
LogPluginManager: Mounting plugin ExampleDeviceProfileSelector
LogPluginManager: Mounting plugin GoogleCloudMessaging
LogPluginManager: Mounting plugin ImmediatePhysics
LogPluginManager: Mounting plugin IOSDeviceProfileSelector
LogPluginManager: Mounting plugin LinuxDeviceProfileSelector
LogPluginManager: Mounting plugin LocationServicesBPLibrary
LogPluginManager: Mounting plugin MobilePatchingUtils
LogPluginManager: Mounting plugin OculusVR
LogPluginManager: Plugin shader directory ../../../Engine/Plugins/Runtime/Oculus/OculusVR/Shaders found
LogPluginManager: Mapping shader source directory ../../../Engine/Plugins/Runtime/Oculus/OculusVR/Shaders to virtual directory /Plugin/OculusVR
LogPluginManager: Mounting plugin PhysXVehicles
LogPluginManager: Mounting plugin ProceduralMeshComponent
LogPluginManager: Mounting plugin RuntimePhysXCooking
LogPluginManager: Mounting plugin SteamVR
LogPluginManager: Mounting plugin WindowsMoviePlayer
LogStreaming: Display: Took  0.089s to configure plugins.
LogInit: Using libcurl 7.55.1-DEV
LogInit:  - built for x86_64-pc-win32
LogInit:  - supports SSL with OpenSSL/1.0.2h
LogInit:  - supports HTTP deflate (compression) using libz 1.2.8
LogInit:  - other features:
LogInit:      CURL_VERSION_SSL
LogInit:      CURL_VERSION_LIBZ
LogInit:      CURL_VERSION_IPV6
LogInit:      CURL_VERSION_ASYNCHDNS
LogInit:      CURL_VERSION_LARGEFILE
LogInit:      CURL_VERSION_IDN
LogInit:  CurlRequestOptions (configurable via config and command line):
LogInit:  - bVerifyPeer = false  - Libcurl will NOT verify peer certificate
LogInit:  - bUseHttpProxy = false  - Libcurl will NOT use HTTP proxy
LogInit:  - bDontReuseConnections = false  - Libcurl will reuse connections
LogInit:  - CertBundlePath = nullptr  - Libcurl will use whatever was configured at build time.
LogInit:  - MaxHostConnections = 16  - Libcurl will limit the number of connections to a host
LogInit:  - LocalHostAddr = Default
LogInit:  - BufferSize = 65536
LogInit: WinSock: version 1.1 (2.2), MaxSocks=32767, MaxUdp=65467
LogInit: Build: ++UE4+Release-4.20-CL-4369336
LogInit: Engine Version: 4.20.3-4369336+++UE4+Release-4.20
LogInit: Compatible Engine Version: 4.20.0-4212847+++UE4+Release-4.20
LogInit: Net CL: 4212847
LogInit: OS: Windows 10 (), CPU: Intel(R) Core(TM) i7-8750H CPU @ 2.20GHz, GPU: Intel(R) UHD Graphics 630
LogInit: Compiled (64-bit): Sep 17 2018 12:26:19
LogInit: Compiled with Visual C++: 19.13.26129.00
LogInit: Build Configuration: Development
LogInit: Branch Name: ++UE4+Release-4.20
LogInit: Command Line:  
LogInit: Base Directory: D:/Epic Games/UE_4.20/Engine/Binaries/Win64/
LogInit: Installed Engine Build: 1
LogDevObjectVersion: Number of dev versions registered: 20
LogDevObjectVersion:   Dev-Blueprints (B0D832E4-1F89-4F0D-ACCF-7EB736FD4AA2): 10
LogDevObjectVersion:   Dev-Build (E1C64328-A22C-4D53-A36C-8E866417BD8C): 0
LogDevObjectVersion:   Dev-Core (375EC13C-06E4-48FB-B500-84F0262A717E): 2
LogDevObjectVersion:   Dev-Editor (E4B068ED-F494-42E9-A231-DA0B2E46BB41): 24
LogDevObjectVersion:   Dev-Framework (CFFC743F-43B0-4480-9391-14DF171D2073): 34
LogDevObjectVersion:   Dev-Mobile (B02B49B5-BB20-44E9-A304-32B752E40360): 2
LogDevObjectVersion:   Dev-Networking (A4E4105C-59A1-49B5-A7C5-40C4547EDFEE): 0
LogDevObjectVersion:   Dev-Online (39C831C9-5AE6-47DC-9A44-9C173E1C8E7C): 0
LogDevObjectVersion:   Dev-Physics (78F01B33-EBEA-4F98-B9B4-84EACCB95AA2): 0
LogDevObjectVersion:   Dev-Platform (6631380F-2D4D-43E0-8009-CF276956A95A): 0
LogDevObjectVersion:   Dev-Rendering (12F88B9F-8875-4AFC-A67C-D90C383ABD29): 26
LogDevObjectVersion:   Dev-Sequencer (7B5AE74C-D270-4C10-A958-57980B212A5A): 9
LogDevObjectVersion:   Dev-VR (D7296918-1DD6-4BDD-9DE2-64A83CC13884): 2
LogDevObjectVersion:   Dev-LoadTimes (C2A15278-BFE7-4AFE-6C17-90FF531DF755): 1
LogDevObjectVersion:   Private-Geometry (6EACA3D4-40EC-4CC1-B786-8BED09428FC5): 3
LogDevObjectVersion:   Dev-AnimPhys (29E575DD-E0A3-4627-9D10-D276232CDCEA): 17
LogDevObjectVersion:   Dev-ReflectionCapture (6B266CEC-1EC7-4B8F-A30B-E4D90942FC07): 1
LogDevObjectVersion:   Dev-Automation (0DF73D61-A23F-47EA-B727-89E90C41499A): 1
LogDevObjectVersion:   FortniteMain (601D1886-AC64-4F84-AA16-D3DE0DEAC7D6): 12
LogDevObjectVersion:   Dev-Enterprise (9DFFBCD6-494F-0158-E221-12823C92A888): 1
LogStreaming: Display: Took  0.001s to delete old logs.
LogInit: Presizing for max 8388607 objects, including 0 objects not considered by GC, pre-allocating 0 bytes for permanent pool.
LogInit: Object subsystem initialized
[2019.11.09-04.31.45:928][  0]LogInit: Selected Device Profile: [Windows]
[2019.11.09-04.31.45:928][  0]LogInit: Applying CVar settings loaded from the selected device profile: [Windows]
[2019.11.09-04.31.45:947][  0]LogHAL: Display: Platform has ~ 16 GB [17044414464 / 17179869184 / 16], which maps to Larger [LargestMinGB=32, LargerMinGB=12, DefaultMinGB=8, SmallerMinGB=6, SmallestMinGB=0)
[2019.11.09-04.31.45:948][  0]LogInit: Setting Device Profile CVar: [[r.Vulkan.UseRealUBs:1]]
[2019.11.09-04.31.45:948][  0]LogInit: Going up to parent DeviceProfile []
[2019.11.09-04.31.45:953][  0]LogInit: Computer: LAPTOPCYBERPOWE
[2019.11.09-04.31.45:953][  0]LogInit: User: SamHirsch
[2019.11.09-04.31.45:953][  0]LogInit: CPU Page size=4096, Cores=6
[2019.11.09-04.31.45:953][  0]LogInit: High frequency timer resolution =10.000000 MHz
[2019.11.09-04.31.45:953][  0]LogMemory: Memory total: Physical=15.9GB (16GB approx)
[2019.11.09-04.31.45:953][  0]LogMemory: Platform Memory Stats for Windows
[2019.11.09-04.31.45:953][  0]LogMemory: Process Physical Memory: 104.80 MB used, 104.80 MB peak
[2019.11.09-04.31.45:953][  0]LogMemory: Process Virtual Memory: 85.90 MB used, 85.90 MB peak
[2019.11.09-04.31.45:953][  0]LogMemory: Physical Memory: 9214.13 MB used,  7040.69 MB free, 16254.82 MB total
[2019.11.09-04.31.45:953][  0]LogMemory: Virtual Memory: 4641.29 MB used,  7040.69 MB free, 134217728.00 MB total
[2019.11.09-04.31.46:189][  0]LogInit: Using OS detected language (en-US).
[2019.11.09-04.31.46:189][  0]LogInit: Using OS detected locale (en-US).
[2019.11.09-04.31.46:192][  0]LogTextLocalizationManager: No specific localization for 'en-US' exists, so the 'en' localization will be used.
[2019.11.09-04.31.46:588][  0]LogStreaming: Display: Took  0.400s to InitEngineTextLocalization.
[2019.11.09-04.31.46:590][  0]LogInit: Setting process to per monitor DPI aware
[2019.11.09-04.31.46:720][  0]LogSlate: New Slate User Created.  User Index 0, Is Virtual User: 0
[2019.11.09-04.31.46:720][  0]LogSlate: Slate User Registered.  User Index 0, Is Virtual User: 0
[2019.11.09-04.31.55:974][  0]LogHMD: Failed to initialize OpenVR with code 108
[2019.11.09-04.31.55:975][  0]LogD3D11RHI: D3D11 adapters:
[2019.11.09-04.31.56:258][  0]LogD3D11RHI:    0. 'NVIDIA GeForce GTX 1060' (Feature Level 11_0)
[2019.11.09-04.31.56:258][  0]LogD3D11RHI:       6052/0/8127 MB DedicatedVideo/DedicatedSystem/SharedSystem, Outputs:1, VendorId:0x10de
[2019.11.09-04.31.56:283][  0]LogD3D11RHI:    1. 'Intel(R) UHD Graphics 630' (Feature Level 11_0)
[2019.11.09-04.31.56:283][  0]LogD3D11RHI:       128/0/8127 MB DedicatedVideo/DedicatedSystem/SharedSystem, Outputs:0, VendorId:0x8086
[2019.11.09-04.31.56:296][  0]LogD3D11RHI:    2. 'Microsoft Basic Render Driver' (Feature Level 11_0)
[2019.11.09-04.31.56:296][  0]LogD3D11RHI:       0/0/8127 MB DedicatedVideo/DedicatedSystem/SharedSystem, Outputs:0, VendorId:0x1414
[2019.11.09-04.31.56:296][  0]LogD3D11RHI: Chosen D3D11 Adapter: 0
[2019.11.09-04.31.56:325][  0]LogD3D11RHI: Creating new Direct3DDevice
[2019.11.09-04.31.56:326][  0]LogD3D11RHI:     GPU DeviceId: 0x1c20 (for the marketing name, search the web for "GPU Device Id")
[2019.11.09-04.31.56:327][  0]LogWindows: EnumDisplayDevices:
[2019.11.09-04.31.56:327][  0]LogWindows:    0. 'Intel(R) UHD Graphics 630' (P:1 D:1)
[2019.11.09-04.31.56:327][  0]LogWindows:    1. 'Intel(R) UHD Graphics 630' (P:0 D:0)
[2019.11.09-04.31.56:327][  0]LogWindows:    2. 'Intel(R) UHD Graphics 630' (P:0 D:0)
[2019.11.09-04.31.56:327][  0]LogWindows:    3. 'NVIDIA GeForce GTX 1060' (P:0 D:0)
[2019.11.09-04.31.56:328][  0]LogWindows: DebugString: PrimaryIsNotTheChoosenAdapter PrimaryIsNotTheChoosenAdapter PrimaryIsNotTheChoosenAdapter 
[2019.11.09-04.31.56:328][  0]LogD3D11RHI:     Adapter Name: NVIDIA GeForce GTX 1060
[2019.11.09-04.31.56:328][  0]LogD3D11RHI:   Driver Version: 430.64 (internal:26.21.14.3064, unified:430.64)
[2019.11.09-04.31.56:328][  0]LogD3D11RHI:      Driver Date: 5-5-2019
[2019.11.09-04.31.56:328][  0]LogRHI: Texture pool is 4236 MB (70% of 6052 MB)
[2019.11.09-04.31.56:388][  0]LogD3D11RHI: Async texture creation enabled
[2019.11.09-04.31.56:456][  0]LogD3D11RHI: GPU Timing Frequency: 1000.000000 (Debug: 2 1)
[2019.11.09-04.31.56:463][  0]LogShaderCompilers: Guid format shader working directory is -8 characters bigger than the processId version (../../../../UnrealProjects/SpaceshipGameBP/SpaceshipGameBP/Intermediate/Shaders/WorkingDirectory/22584/).
[2019.11.09-04.31.56:463][  0]LogShaderCompilers: Cleaned the shader compiler working directory 'C:/Users/Sam Hirsch/AppData/Local/Temp/UnrealShaderWorkingDir/5CBF88724A0F380D8D8156B2DCE32572/'.
[2019.11.09-04.31.57:677][  0]LogTemp: Display: Loaded TP AllDesktopTargetPlatform
[2019.11.09-04.31.57:700][  0]LogTemp: Display: Loaded TP MacClientTargetPlatform
[2019.11.09-04.31.57:721][  0]LogTemp: Display: Loaded TP MacNoEditorTargetPlatform
[2019.11.09-04.31.57:746][  0]LogTemp: Display: Loaded TP MacServerTargetPlatform
[2019.11.09-04.31.57:773][  0]LogTemp: Display: Loaded TP MacTargetPlatform
[2019.11.09-04.31.57:803][  0]LogTemp: Display: Loaded TP WindowsClientTargetPlatform
[2019.11.09-04.31.57:830][  0]LogTemp: Display: Loaded TP WindowsNoEditorTargetPlatform
[2019.11.09-04.31.57:854][  0]LogTemp: Display: Loaded TP WindowsServerTargetPlatform
[2019.11.09-04.31.57:871][  0]LogTemp: Display: Loaded TP WindowsTargetPlatform
[2019.11.09-04.31.57:969][  0]LogTemp: Display: Loaded TP AndroidTargetPlatform
[2019.11.09-04.31.57:969][  0]LogTemp: Display: Loaded TP AndroidTargetPlatform
[2019.11.09-04.31.57:969][  0]LogTemp: Display: Loaded TP AndroidTargetPlatform
[2019.11.09-04.31.57:969][  0]LogTemp: Display: Loaded TP AndroidTargetPlatform
[2019.11.09-04.31.57:969][  0]LogTemp: Display: Loaded TP AndroidTargetPlatform
[2019.11.09-04.31.57:969][  0]LogTemp: Display: Loaded TP AndroidTargetPlatform
[2019.11.09-04.31.57:969][  0]LogTemp: Display: Loaded TP AndroidTargetPlatform
[2019.11.09-04.31.57:969][  0]LogTemp: Display: Loaded TP AndroidTargetPlatform
[2019.11.09-04.31.57:969][  0]LogTemp: Display: Loaded TP AndroidTargetPlatform
[2019.11.09-04.31.57:969][  0]LogTemp: Display: Loaded TP AndroidTargetPlatform
[2019.11.09-04.31.57:969][  0]LogTemp: Display: Loaded TP AndroidTargetPlatform
[2019.11.09-04.31.57:969][  0]LogTemp: Display: Loaded TP AndroidTargetPlatform
[2019.11.09-04.31.57:969][  0]LogTemp: Display: Loaded TP AndroidTargetPlatform
[2019.11.09-04.31.57:969][  0]LogTemp: Display: Loaded TP AndroidTargetPlatform
[2019.11.09-04.31.57:969][  0]LogTemp: Display: Loaded TP AndroidTargetPlatform
[2019.11.09-04.31.57:969][  0]LogTemp: Display: Loaded TP AndroidTargetPlatform
[2019.11.09-04.31.57:969][  0]LogTemp: Display: Loaded TP AndroidTargetPlatform
[2019.11.09-04.31.57:969][  0]LogTemp: Display: Loaded TP AndroidTargetPlatform
[2019.11.09-04.31.57:982][  0]LogTemp: Display: Loaded TP HTML5TargetPlatform
[2019.11.09-04.31.58:084][  0]LogTemp: Display: Loaded TP IOSTargetPlatform
[2019.11.09-04.31.58:084][  0]LogTemp: Display: Loaded TP IOSTargetPlatform
[2019.11.09-04.31.58:124][  0]LogTemp: Display: Loaded TP TVOSTargetPlatform
[2019.11.09-04.31.58:124][  0]LogTemp: Display: Loaded TP TVOSTargetPlatform
[2019.11.09-04.31.58:155][  0]LogTemp: Display: Loaded TP LinuxClientTargetPlatform
[2019.11.09-04.31.58:180][  0]LogTemp: Display: Loaded TP LinuxNoEditorTargetPlatform
[2019.11.09-04.31.58:204][  0]LogTemp: Display: Loaded TP LinuxServerTargetPlatform
[2019.11.09-04.31.58:243][  0]LogTemp: Display: Loaded TP LinuxTargetPlatform
[2019.11.09-04.31.58:267][  0]LogTemp: Display: Loaded TP LuminTargetPlatform
[2019.11.09-04.31.58:267][  0]LogTargetPlatformManager: Display: Building Assets For Windows
[2019.11.09-04.31.58:673][  0]LogXGEController: Cleaning working directory: C:/Users/Sam Hirsch/AppData/Local/Temp/UnrealXGEWorkingDir/
[2019.11.09-04.31.58:674][  0]LogXGEController: Cannot use XGE Controller as Incredibuild is not installed on this machine.
[2019.11.09-04.31.58:674][  0]LogShaderCompilers: Cannot use XGE Shader Compiler as Incredibuild is not installed on this machine.
[2019.11.09-04.31.58:674][  0]LogShaderCompilers: Display: Using Local Shader Compiler.
[2019.11.09-04.32.00:686][  0]LogDerivedDataCache: Display: Max Cache Size: 512 MB
[2019.11.09-04.32.01:054][  0]LogDerivedDataCache: Loaded boot cache 0.37s 71MB C:/Users/Sam Hirsch/AppData/Local/UnrealEngine/4.20/DerivedDataCache/Boot.ddc.
[2019.11.09-04.32.01:055][  0]LogDerivedDataCache: Display: Loaded Boot cache: C:/Users/Sam Hirsch/AppData/Local/UnrealEngine/4.20/DerivedDataCache/Boot.ddc
[2019.11.09-04.32.01:055][  0]LogDerivedDataCache: FDerivedDataBackendGraph:  Pak pak cache file ../../../../UnrealProjects/SpaceshipGameBP/SpaceshipGameBP/DerivedDataCache/DDC.ddp not found, will not use a pak cache.
[2019.11.09-04.32.01:055][  0]LogDerivedDataCache: Unable to find inner node Pak for hierarchical cache Hierarchy.
[2019.11.09-04.32.01:055][  0]LogDerivedDataCache: FDerivedDataBackendGraph:  CompressedPak pak cache file ../../../../UnrealProjects/SpaceshipGameBP/SpaceshipGameBP/DerivedDataCache/Compressed.ddp not found, will not use a pak cache.
[2019.11.09-04.32.01:055][  0]LogDerivedDataCache: Unable to find inner node CompressedPak for hierarchical cache Hierarchy.
[2019.11.09-04.32.01:080][  0]LogDerivedDataCache: Display: Pak cache opened for reading ../../../Engine/DerivedDataCache/Compressed.ddp.
[2019.11.09-04.32.01:093][  0]LogDerivedDataCache: Using Local data cache path C:/Users/Sam Hirsch/AppData/Local/UnrealEngine/Common/DerivedDataCache: Writable
[2019.11.09-04.32.01:093][  0]LogDerivedDataCache: Shared data cache path not found in *engine.ini, will not use an Shared cache.
[2019.11.09-04.32.01:093][  0]LogDerivedDataCache: Unable to find inner node Shared for hierarchical cache Hierarchy.
[2019.11.09-04.32.01:115][  0]LogMaterial: Verifying Global Shaders for PCD3D_SM5
[2019.11.09-04.32.01:122][  0]LogSlate: Using FreeType 2.6.0
[2019.11.09-04.32.01:142][  0]LogSlate: SlateFontServices - WITH_FREETYPE: 1, WITH_HARFBUZZ: 1
[2019.11.09-04.32.01:396][  0]LogAssetRegistry: FAssetRegistry took 0.0301 seconds to start up
[2019.11.09-04.32.01:936][  0]LogInit: Selected Device Profile: [Windows]
[2019.11.09-04.32.02:386][  0]LogSimplygon: Simplygon DLL not present - disabling.
[2019.11.09-04.32.02:431][  0]LogMeshReduction: Using SimplygonSwarm for distributed automatic mesh merging
[2019.11.09-04.32.02:431][  0]LogMeshReduction: Using ProxyLODMeshReduction for automatic mesh merging
[2019.11.09-04.32.02:432][  0]LogMeshReduction: Using QuadricMeshReduction for automatic static mesh reduction
[2019.11.09-04.32.02:432][  0]LogMeshReduction: No automatic skeletal mesh reduction module available
[2019.11.09-04.32.02:520][  0]LogNetVersion: SpaceshipGameBP 1.0.0, NetCL: 4212847, EngineNetVer: 5, GameNetVer: 0 (Checksum: 1689264264)
[2019.11.09-04.32.03:900][  0]LogPackageLocalizationCache: Processed 11 localized package path(s) for 2 prioritized culture(s) in 0.081809 seconds
[2019.11.09-04.32.03:910][  0]LogUObjectArray: 38425 objects as part of root set at end of initial load.
[2019.11.09-04.32.03:911][  0]LogUObjectAllocator: 6690872 out of 0 bytes used by permanent object pool.
[2019.11.09-04.32.03:911][  0]LogUObjectArray: CloseDisregardForGC: 0/0 objects in disregard for GC pool
[2019.11.09-04.32.07:485][  0]LogTcpMessaging: Initializing TcpMessaging bridge
[2019.11.09-04.32.07:512][  0]LogUdpMessaging: Initializing bridge on interface 0.0.0.0:0 to multicast group 230.0.0.1:6666.
[2019.11.09-04.32.07:993][  0]SourceControl: Source control is disabled
[2019.11.09-04.32.07:994][  0]SourceControl: Source control is disabled
[2019.11.09-04.32.08:019][  0]SourceControl: Source control is disabled
[2019.11.09-04.32.08:043][  0]SourceControl: Source control is disabled
[2019.11.09-04.32.08:781][  0]LogAndroidPermission: UAndroidPermissionCallbackProxy::GetInstance
[2019.11.09-04.32.09:082][  0]LogOcInput: OculusInput pre-init called
[2019.11.09-04.32.09:284][  0]LogEngine: Initializing Engine...
[2019.11.09-04.32.09:344][  0]LogHMD: Failed to initialize OpenVR with code 108
[2019.11.09-04.32.09:348][  0]LogStats: UGameplayTagsManager::ConstructGameplayTagTree: ImportINI prefixes -  0.001 s
[2019.11.09-04.32.09:348][  0]LogStats: UGameplayTagsManager::ConstructGameplayTagTree: Construct from data asset -  0.000 s
[2019.11.09-04.32.09:349][  0]LogStats: UGameplayTagsManager::ConstructGameplayTagTree: ImportINI -  0.000 s
[2019.11.09-04.32.09:349][  0]LogStats: UGameplayTagsManager::ConstructGameplayTagTree: GameplayTagTreeChangedEvent.Broadcast -  0.000 s
[2019.11.09-04.32.09:795][  0]LogInit: Initializing FReadOnlyCVARCache
[2019.11.09-04.32.09:867][  0]LogAIModule: Creating AISystem for world Untitled
[2019.11.09-04.32.09:943][  0]LogInit: XAudio2 using 'Speakers +SSE3 (Realtek High Definition Audio)' : 2 channels at 48 kHz using 32 bits per sample (channel mask 0x3)
[2019.11.09-04.32.09:998][  0]LogInit: FAudioDevice initialized.
[2019.11.09-04.32.10:000][  0]LogNetVersion: Set ProjectVersion to 1.0.0.0. Version Checksum will be recalculated on next use.
[2019.11.09-04.32.10:124][  0]LogDerivedDataCache: Saved boot cache 0.12s 71MB C:/Users/Sam Hirsch/AppData/Local/UnrealEngine/4.20/DerivedDataCache/Boot.ddc.
[2019.11.09-04.32.10:140][  0]LogInit: Texture streaming: Enabled
[2019.11.09-04.32.10:210][  0]LogEngineSessionManager: EngineSessionManager initialized
[2019.11.09-04.32.10:246][  0]LogInit: Transaction tracking system initialized
[2019.11.09-04.32.10:360][  0]BlueprintLog: New page: Editor Load
[2019.11.09-04.32.10:829][  0]LocalizationService: Localization service is disabled
[2019.11.09-04.32.11:870][  0]LogFileCache: Scanning file cache for directory 'D:/Epic Games/UnrealProjects/SpaceshipGameBP/SpaceshipGameBP/Content/' took 0.02s
[2019.11.09-04.32.11:870][  0]LogCook: Display: Max memory allowance for cook 16384mb min free memory 0mb
[2019.11.09-04.32.11:871][  0]LogCook: Display: Mobile HDR setting 1
[2019.11.09-04.32.11:871][  0]LogGameplayTags: Display: UGameplayTagsManager::DoneAddingNativeTags. DelegateIsBound: 0
[2019.11.09-04.32.11:871][  0]LogStats: UGameplayTagsManager::ConstructGameplayTagTree: ImportINI prefixes -  0.000 s
[2019.11.09-04.32.11:871][  0]LogStats: UGameplayTagsManager::ConstructGameplayTagTree: Construct from data asset -  0.000 s
[2019.11.09-04.32.11:871][  0]LogStats: UGameplayTagsManager::ConstructGameplayTagTree: ImportINI -  0.000 s
[2019.11.09-04.32.11:871][  0]LogStats: UGameplayTagsManager::ConstructGameplayTagTree: GameplayTagTreeChangedEvent.Broadcast -  0.000 s
[2019.11.09-04.32.12:592][  0]SourceControl: Source control is disabled
[2019.11.09-04.32.12:594][  0]Cmd: MAP LOAD FILE="../../../Engine/Content/Maps/Templates/Template_Default.umap" TEMPLATE=1 SHOWPROGRESS=1 FEATURELEVEL=3
[2019.11.09-04.32.12:601][  0]LightingResults: New page: Lighting Build
[2019.11.09-04.32.12:617][  0]MapCheck: New page: Map Check
[2019.11.09-04.32.12:617][  0]LightingResults: New page: Lighting Build
[2019.11.09-04.32.12:996][  0]LogAIModule: Creating AISystem for world Untitled_1
[2019.11.09-04.32.13:036][  0]LogEditorServer: Finished looking for orphan Actors (0.000 secs)
[2019.11.09-04.32.13:066][  0]Cmd: MAP CHECKDEP NOCLEARLOG
[2019.11.09-04.32.13:102][  0]MapCheck: Map check complete: 0 Error(s), 0 Warning(s), took 36.389ms to complete.
[2019.11.09-04.32.13:102][  0]LogFileHelpers: Loading map 'Template_Default' took 0.510
[2019.11.09-04.32.13:295][  0]LogCollectionManager: Loaded 0 collections in 0.000716 seconds
[2019.11.09-04.32.13:364][  0]LogFileCache: Scanning file cache for directory 'D:/Epic Games/UnrealProjects/SpaceshipGameBP/SpaceshipGameBP/Saved/Collections/' took 0.01s
[2019.11.09-04.32.13:364][  0]LogFileCache: Scanning file cache for directory 'D:/Epic Games/UnrealProjects/SpaceshipGameBP/SpaceshipGameBP/Content/Developers/SamHirsch/Collections/' took 0.01s
[2019.11.09-04.32.13:364][  0]LogFileCache: Scanning file cache for directory 'D:/Epic Games/UnrealProjects/SpaceshipGameBP/SpaceshipGameBP/Content/Collections/' took 0.01s
[2019.11.09-04.32.13:364][  0]LogCollectionManager: Rebuilt the GUID cache for 0 collections in 0.000000 seconds
[2019.11.09-04.32.13:377][  0]LogContentBrowser: Native class hierarchy populated in 0.0109 seconds. Added 2572 classes and 603 folders.
[2019.11.09-04.32.13:392][  0]LogContentBrowser: Native class hierarchy updated for 'WidgetCarousel' in 0.0002 seconds. Added 0 classes and 0 folders.
[2019.11.09-04.32.13:748][  0]LogContentBrowser: Native class hierarchy updated for 'AddContentDialog' in 0.0003 seconds. Added 0 classes and 0 folders.
[2019.11.09-04.32.13:818][  0]LogSlate: Updating window title bar state: overlay mode, drag disabled, window buttons hidden, title bar hidden
[2019.11.09-04.32.13:828][  0]LogSlate: Updating window title bar state: overlay mode, drag disabled, window buttons hidden, title bar hidden
[2019.11.09-04.32.13:835][  0]LogSlate: Updating window title bar state: overlay mode, drag disabled, window buttons hidden, title bar hidden
[2019.11.09-04.32.13:843][  0]LogSlate: Updating window title bar state: overlay mode, drag disabled, window buttons hidden, title bar hidden
[2019.11.09-04.32.13:867][  0]LogContentBrowser: Native class hierarchy updated for 'SceneOutliner' in 0.0003 seconds. Added 1 classes and 2 folders.
[2019.11.09-04.32.14:134][  0]LogSlate: Took 0.006105 seconds to synchronously load lazily loaded font '../../../Engine/Content/Slate/Fonts/Roboto-Regular.ttf' (155K)
[2019.11.09-04.32.14:147][  0]LogSlate: Took 0.005601 seconds to synchronously load lazily loaded font '../../../Engine/Content/Editor/Slate/Fonts/FontAwesome.ttf' (139K)
[2019.11.09-04.32.14:152][  0]LogSlate: Took 0.004670 seconds to synchronously load lazily loaded font '../../../Engine/Content/Slate/Fonts/Roboto-Bold.ttf' (160K)
[2019.11.09-04.32.14:296][  0]LogRenderer: Reallocating scene render targets to support 844x712 Format 10 NumSamples 1 (Frame:1).
[2019.11.09-04.32.14:604][  0]LogContentBrowser: Native class hierarchy updated for 'HierarchicalLODOutliner' in 0.0002 seconds. Added 0 classes and 0 folders.
[2019.11.09-04.32.14:604][  0]LogLoad: (Engine Initialization) Total time: 33.32 seconds
[2019.11.09-04.32.14:604][  0]LogLoad: (Engine Initialization) Total Blueprint compile time: 0.00 seconds
[2019.11.09-04.32.14:668][  0]LogContentStreaming: Texture pool size now 1000 MB
[2019.11.09-04.32.14:722][  1]LogAssetRegistry: Asset discovery search completed in 13.3511 seconds
[2019.11.09-04.32.14:725][  1]LogCollectionManager: Rebuilt the object cache for 0 collections in 0.000000 seconds (found 0 objects)
[2019.11.09-04.32.14:725][  1]LogCollectionManager: Fixed up redirectors for 0 collections in 0.000698 seconds (updated 0 objects)
[2019.11.09-04.32.15:640][ 47]LogSlate: Took 0.005172 seconds to synchronously load lazily loaded font '../../../Engine/Content/Slate/Fonts/Roboto-Light.ttf' (167K)
[2019.11.09-04.32.18:714][231]LogSlate: Took 0.000125 seconds to synchronously load lazily loaded font '../../../Engine/Content/Slate/Fonts/Roboto-Light.ttf' (167K)
[2019.11.09-04.57.17:564][156]LogSlate: FSceneViewport::OnFocusLost() reason 0
[2019.11.09-05.04.18:564][637]LogSlate: Window 'Pick Parent Class' being destroyed
[2019.11.09-05.14.18:794][638]LogFileHelpers: Editor autosave (incl. sublevels) for '/Temp/Untitled_1' took 0.025
[2019.11.09-05.14.18:797][638]OBJ SavePackage: Generating thumbnails for [0] asset(s) in package [/Game/Blueprints/BP_Spawner] ([1] browsable assets)...
[2019.11.09-05.14.18:797][638]OBJ SavePackage: Finished generating thumbnails for package [/Game/Blueprints/BP_Spawner]
[2019.11.09-05.14.18:819][638]LogSavePackage: Moving '../../../../UnrealProjects/SpaceshipGameBP/SpaceshipGameBP/Saved/BP_Spawner_Auto12D3E5E314073D744B339988EC8209B08.tmp' to '../../../../UnrealProjects/SpaceshipGameBP/SpaceshipGameBP/Saved/Autosaves/Game/Blueprints/BP_Spawner_Auto1.uasset'
[2019.11.09-05.14.18:823][638]LogFileHelpers: Auto-saving content packages took 0.026
[2019.11.09-17.43.44:767][956]LogSlate: Window 'Save Content' being destroyed
[2019.11.09-17.43.44:805][956]Cmd: OBJ SAVEPACKAGE PACKAGE="/Game/Blueprints/BP_Spawner" FILE="../../../../UnrealProjects/SpaceshipGameBP/SpaceshipGameBP/Content/Blueprints/BP_Spawner.uasset" SILENT=true
[2019.11.09-17.43.44:824][956]LogSavePackage: Moving '../../../../UnrealProjects/SpaceshipGameBP/SpaceshipGameBP/Saved/BP_Spawner3149DB0F4C89A4BCE2754EB0D11B3154.tmp' to '../../../../UnrealProjects/SpaceshipGameBP/SpaceshipGameBP/Content/Blueprints/BP_Spawner.uasset'
[2019.11.09-17.43.44:899][956]LogSlate: Window 'SpaceshipGameBP - Unreal Editor' being destroyed
[2019.11.09-17.43.44:901][956]LogWindowsTextInputMethodSystem: Display: IME system now deactivated.
[2019.11.09-17.43.45:185][957]Cmd: QUIT_EDITOR
[2019.11.09-17.43.45:238][957]LogExit: Preparing to exit.
